{"/root/repos/triliumnext-cli/src/config.ts": {"path":"/root/repos/triliumnext-cli/src/config.ts","statementMap":{"0":{"start":{"line":27,"column":27},"end":{"line":27,"column":null}},"1":{"start":{"line":29,"column":19},"end":{"line":29,"column":null}},"2":{"start":{"line":30,"column":28},"end":{"line":30,"column":null}},"3":{"start":{"line":31,"column":27},"end":{"line":31,"column":null}},"4":{"start":{"line":42,"column":2},"end":{"line":57,"column":null}},"5":{"start":{"line":43,"column":16},"end":{"line":43,"column":null}},"6":{"start":{"line":44,"column":19},"end":{"line":44,"column":null}},"7":{"start":{"line":47,"column":4},"end":{"line":52,"column":null}},"8":{"start":{"line":48,"column":6},"end":{"line":51,"column":null}},"9":{"start":{"line":53,"column":4},"end":{"line":53,"column":null}},"10":{"start":{"line":56,"column":4},"end":{"line":56,"column":null}},"11":{"start":{"line":66,"column":2},"end":{"line":66,"column":null}},"12":{"start":{"line":89,"column":21},"end":{"line":89,"column":null}},"13":{"start":{"line":93,"column":4},"end":{"line":96,"column":null}},"14":{"start":{"line":100,"column":4},"end":{"line":103,"column":null}},"15":{"start":{"line":105,"column":2},"end":{"line":111,"column":null}},"16":{"start":{"line":106,"column":4},"end":{"line":110,"column":null}},"17":{"start":{"line":113,"column":2},"end":{"line":113,"column":null}},"18":{"start":{"line":121,"column":2},"end":{"line":121,"column":null}},"19":{"start":{"line":123,"column":30},"end":{"line":126,"column":null}},"20":{"start":{"line":128,"column":2},"end":{"line":128,"column":null}},"21":{"start":{"line":136,"column":35},"end":{"line":136,"column":null}},"22":{"start":{"line":137,"column":2},"end":{"line":137,"column":null}}},"fnMap":{"0":{"name":"readConfigFile","decl":{"start":{"line":41,"column":9},"end":{"line":41,"column":24}},"loc":{"start":{"line":41,"column":66},"end":{"line":58,"column":null}},"line":41},"1":{"name":"loadConfigFile","decl":{"start":{"line":65,"column":9},"end":{"line":65,"column":50}},"loc":{"start":{"line":65,"column":50},"end":{"line":67,"column":null}},"line":65},"2":{"name":"resolveConfig","decl":{"start":{"line":85,"column":16},"end":{"line":85,"column":30}},"loc":{"start":{"line":88,"column":2},"end":{"line":114,"column":null}},"line":88},"3":{"name":"saveConfig","decl":{"start":{"line":120,"column":16},"end":{"line":120,"column":27}},"loc":{"start":{"line":120,"column":83},"end":{"line":129,"column":null}},"line":120},"4":{"name":"getClient","decl":{"start":{"line":135,"column":16},"end":{"line":135,"column":26}},"loc":{"start":{"line":135,"column":60},"end":{"line":138,"column":null}},"line":135}},"branchMap":{"0":{"loc":{"start":{"line":47,"column":4},"end":{"line":52,"column":null}},"type":"if","locations":[{"start":{"line":47,"column":4},"end":{"line":52,"column":null}},{"start":{},"end":{}}],"line":47},"1":{"loc":{"start":{"line":47,"column":8},"end":{"line":47,"column":46}},"type":"binary-expr","locations":[{"start":{"line":47,"column":8},"end":{"line":47,"column":28}},{"start":{"line":47,"column":28},"end":{"line":47,"column":46}}],"line":47},"2":{"loc":{"start":{"line":49,"column":19},"end":{"line":49,"column":null}},"type":"binary-expr","locations":[{"start":{"line":49,"column":19},"end":{"line":49,"column":39}},{"start":{"line":49,"column":39},"end":{"line":49,"column":null}}],"line":49},"3":{"loc":{"start":{"line":50,"column":19},"end":{"line":50,"column":null}},"type":"binary-expr","locations":[{"start":{"line":50,"column":19},"end":{"line":50,"column":39}},{"start":{"line":50,"column":39},"end":{"line":50,"column":null}}],"line":50},"4":{"loc":{"start":{"line":66,"column":9},"end":{"line":66,"column":null}},"type":"binary-expr","locations":[{"start":{"line":66,"column":9},"end":{"line":66,"column":48}},{"start":{"line":66,"column":48},"end":{"line":66,"column":null}}],"line":66},"5":{"loc":{"start":{"line":93,"column":4},"end":{"line":96,"column":null}},"type":"binary-expr","locations":[{"start":{"line":93,"column":4},"end":{"line":93,"column":null}},{"start":{"line":94,"column":4},"end":{"line":94,"column":null}},{"start":{"line":95,"column":4},"end":{"line":95,"column":null}},{"start":{"line":96,"column":4},"end":{"line":96,"column":null}}],"line":93},"6":{"loc":{"start":{"line":100,"column":4},"end":{"line":103,"column":null}},"type":"binary-expr","locations":[{"start":{"line":100,"column":4},"end":{"line":100,"column":null}},{"start":{"line":101,"column":4},"end":{"line":101,"column":null}},{"start":{"line":102,"column":4},"end":{"line":102,"column":null}},{"start":{"line":103,"column":4},"end":{"line":103,"column":null}}],"line":100},"7":{"loc":{"start":{"line":105,"column":2},"end":{"line":111,"column":null}},"type":"if","locations":[{"start":{"line":105,"column":2},"end":{"line":111,"column":null}},{"start":{},"end":{}}],"line":105}},"s":{"0":1,"1":1,"2":1,"3":1,"4":24,"5":24,"6":24,"7":24,"8":3,"9":2,"10":19,"11":13,"12":13,"13":13,"14":13,"15":13,"16":4,"17":9,"18":4,"19":4,"20":4,"21":2,"22":2},"f":{"0":24,"1":13,"2":13,"3":4,"4":2},"b":{"0":[3,21],"1":[24,2],"2":[3,0],"3":[3,0],"4":[13,11],"5":[13,10,8,6],"6":[13,10,6,4],"7":[4,9]},"meta":{"lastBranch":8,"lastFunction":5,"lastStatement":23,"seen":{"s:27:27:27:Infinity":0,"s:29:19:29:Infinity":1,"s:30:28:30:Infinity":2,"s:31:27:31:Infinity":3,"f:41:9:41:24":0,"s:42:2:57:Infinity":4,"s:43:16:43:Infinity":5,"s:44:19:44:Infinity":6,"b:47:4:52:Infinity:undefined:undefined:undefined:undefined":0,"s:47:4:52:Infinity":7,"b:47:8:47:28:47:28:47:46":1,"s:48:6:51:Infinity":8,"b:49:19:49:39:49:39:49:Infinity":2,"b:50:19:50:39:50:39:50:Infinity":3,"s:53:4:53:Infinity":9,"s:56:4:56:Infinity":10,"f:65:9:65:50":1,"s:66:2:66:Infinity":11,"b:66:9:66:48:66:48:66:Infinity":4,"f:85:16:85:30":2,"s:89:21:89:Infinity":12,"s:93:4:96:Infinity":13,"b:93:4:93:Infinity:94:4:94:Infinity:95:4:95:Infinity:96:4:96:Infinity":5,"s:100:4:103:Infinity":14,"b:100:4:100:Infinity:101:4:101:Infinity:102:4:102:Infinity:103:4:103:Infinity":6,"b:105:2:111:Infinity:undefined:undefined:undefined:undefined":7,"s:105:2:111:Infinity":15,"s:106:4:110:Infinity":16,"s:113:2:113:Infinity":17,"f:120:16:120:27":3,"s:121:2:121:Infinity":18,"s:123:30:126:Infinity":19,"s:128:2:128:Infinity":20,"f:135:16:135:26":4,"s:136:35:136:Infinity":21,"s:137:2:137:Infinity":22}}}
,"/root/repos/triliumnext-cli/src/errors.ts": {"path":"/root/repos/triliumnext-cli/src/errors.ts","statementMap":{"0":{"start":{"line":11,"column":30},"end":{"line":11,"column":null}},"1":{"start":{"line":13,"column":4},"end":{"line":17,"column":null}},"2":{"start":{"line":14,"column":8},"end":{"line":14,"column":null}},"3":{"start":{"line":15,"column":4},"end":{"line":17,"column":null}},"4":{"start":{"line":16,"column":8},"end":{"line":16,"column":null}},"5":{"start":{"line":19,"column":4},"end":{"line":27,"column":null}},"6":{"start":{"line":21,"column":25},"end":{"line":21,"column":null}},"7":{"start":{"line":22,"column":8},"end":{"line":22,"column":null}},"8":{"start":{"line":22,"column":22},"end":{"line":22,"column":null}},"9":{"start":{"line":25,"column":30},"end":{"line":25,"column":null}},"10":{"start":{"line":26,"column":8},"end":{"line":26,"column":null}},"11":{"start":{"line":26,"column":27},"end":{"line":26,"column":null}},"12":{"start":{"line":29,"column":4},"end":{"line":29,"column":null}},"13":{"start":{"line":37,"column":4},"end":{"line":41,"column":null}},"14":{"start":{"line":38,"column":22},"end":{"line":38,"column":null}},"15":{"start":{"line":39,"column":8},"end":{"line":39,"column":null}},"16":{"start":{"line":39,"column":43},"end":{"line":39,"column":null}},"17":{"start":{"line":40,"column":8},"end":{"line":40,"column":null}},"18":{"start":{"line":40,"column":53},"end":{"line":40,"column":null}},"19":{"start":{"line":44,"column":18},"end":{"line":44,"column":null}},"20":{"start":{"line":45,"column":4},"end":{"line":45,"column":null}},"21":{"start":{"line":45,"column":39},"end":{"line":45,"column":null}},"22":{"start":{"line":48,"column":4},"end":{"line":48,"column":null}},"23":{"start":{"line":48,"column":47},"end":{"line":48,"column":null}},"24":{"start":{"line":50,"column":4},"end":{"line":50,"column":null}},"25":{"start":{"line":60,"column":4},"end":{"line":90,"column":null}},"26":{"start":{"line":61,"column":8},"end":{"line":87,"column":null}},"27":{"start":{"line":63,"column":16},"end":{"line":65,"column":null}},"28":{"start":{"line":66,"column":16},"end":{"line":66,"column":null}},"29":{"start":{"line":68,"column":16},"end":{"line":70,"column":null}},"30":{"start":{"line":71,"column":16},"end":{"line":71,"column":null}},"31":{"start":{"line":73,"column":16},"end":{"line":75,"column":null}},"32":{"start":{"line":76,"column":16},"end":{"line":76,"column":null}},"33":{"start":{"line":78,"column":16},"end":{"line":80,"column":null}},"34":{"start":{"line":81,"column":16},"end":{"line":81,"column":null}},"35":{"start":{"line":83,"column":16},"end":{"line":85,"column":null}},"36":{"start":{"line":86,"column":16},"end":{"line":86,"column":null}},"37":{"start":{"line":89,"column":8},"end":{"line":89,"column":null}},"38":{"start":{"line":92,"column":4},"end":{"line":110,"column":null}},"39":{"start":{"line":93,"column":8},"end":{"line":106,"column":null}},"40":{"start":{"line":94,"column":24},"end":{"line":94,"column":null}},"41":{"start":{"line":95,"column":12},"end":{"line":103,"column":null}},"42":{"start":{"line":96,"column":16},"end":{"line":98,"column":null}},"43":{"start":{"line":100,"column":16},"end":{"line":102,"column":null}},"44":{"start":{"line":105,"column":12},"end":{"line":105,"column":null}},"45":{"start":{"line":108,"column":8},"end":{"line":108,"column":null}},"46":{"start":{"line":109,"column":8},"end":{"line":109,"column":null}},"47":{"start":{"line":112,"column":4},"end":{"line":112,"column":null}},"48":{"start":{"line":113,"column":4},"end":{"line":113,"column":null}}},"fnMap":{"0":{"name":"extractUrlFromError","decl":{"start":{"line":9,"column":9},"end":{"line":9,"column":29}},"loc":{"start":{"line":9,"column":61},"end":{"line":30,"column":null}},"line":9},"1":{"name":"isConnectionRefused","decl":{"start":{"line":35,"column":9},"end":{"line":35,"column":29}},"loc":{"start":{"line":35,"column":50},"end":{"line":51,"column":null}},"line":35},"2":{"name":"handleError","decl":{"start":{"line":59,"column":16},"end":{"line":59,"column":28}},"loc":{"start":{"line":59,"column":49},"end":{"line":114,"column":null}},"line":59}},"branchMap":{"0":{"loc":{"start":{"line":13,"column":4},"end":{"line":17,"column":null}},"type":"if","locations":[{"start":{"line":13,"column":4},"end":{"line":17,"column":null}},{"start":{"line":15,"column":4},"end":{"line":17,"column":null}}],"line":13},"1":{"loc":{"start":{"line":15,"column":4},"end":{"line":17,"column":null}},"type":"if","locations":[{"start":{"line":15,"column":4},"end":{"line":17,"column":null}},{"start":{},"end":{}}],"line":15},"2":{"loc":{"start":{"line":22,"column":8},"end":{"line":22,"column":null}},"type":"if","locations":[{"start":{"line":22,"column":8},"end":{"line":22,"column":null}},{"start":{},"end":{}}],"line":22},"3":{"loc":{"start":{"line":26,"column":8},"end":{"line":26,"column":null}},"type":"if","locations":[{"start":{"line":26,"column":8},"end":{"line":26,"column":null}},{"start":{},"end":{}}],"line":26},"4":{"loc":{"start":{"line":37,"column":4},"end":{"line":41,"column":null}},"type":"if","locations":[{"start":{"line":37,"column":4},"end":{"line":41,"column":null}},{"start":{},"end":{}}],"line":37},"5":{"loc":{"start":{"line":39,"column":8},"end":{"line":39,"column":null}},"type":"if","locations":[{"start":{"line":39,"column":8},"end":{"line":39,"column":null}},{"start":{},"end":{}}],"line":39},"6":{"loc":{"start":{"line":40,"column":8},"end":{"line":40,"column":null}},"type":"if","locations":[{"start":{"line":40,"column":8},"end":{"line":40,"column":null}},{"start":{},"end":{}}],"line":40},"7":{"loc":{"start":{"line":45,"column":4},"end":{"line":45,"column":null}},"type":"if","locations":[{"start":{"line":45,"column":4},"end":{"line":45,"column":null}},{"start":{},"end":{}}],"line":45},"8":{"loc":{"start":{"line":48,"column":4},"end":{"line":48,"column":null}},"type":"if","locations":[{"start":{"line":48,"column":4},"end":{"line":48,"column":null}},{"start":{},"end":{}}],"line":48},"9":{"loc":{"start":{"line":60,"column":4},"end":{"line":90,"column":null}},"type":"if","locations":[{"start":{"line":60,"column":4},"end":{"line":90,"column":null}},{"start":{},"end":{}}],"line":60},"10":{"loc":{"start":{"line":61,"column":8},"end":{"line":87,"column":null}},"type":"switch","locations":[{"start":{"line":62,"column":12},"end":{"line":66,"column":null}},{"start":{"line":67,"column":12},"end":{"line":71,"column":null}},{"start":{"line":72,"column":12},"end":{"line":76,"column":null}},{"start":{"line":77,"column":12},"end":{"line":81,"column":null}},{"start":{"line":82,"column":12},"end":{"line":86,"column":null}}],"line":61},"11":{"loc":{"start":{"line":92,"column":4},"end":{"line":110,"column":null}},"type":"if","locations":[{"start":{"line":92,"column":4},"end":{"line":110,"column":null}},{"start":{},"end":{}}],"line":92},"12":{"loc":{"start":{"line":93,"column":8},"end":{"line":106,"column":null}},"type":"if","locations":[{"start":{"line":93,"column":8},"end":{"line":106,"column":null}},{"start":{},"end":{}}],"line":93},"13":{"loc":{"start":{"line":95,"column":12},"end":{"line":103,"column":null}},"type":"if","locations":[{"start":{"line":95,"column":12},"end":{"line":103,"column":null}},{"start":{"line":99,"column":19},"end":{"line":103,"column":null}}],"line":95}},"s":{"0":5,"1":5,"2":4,"3":1,"4":0,"5":5,"6":9,"7":9,"8":1,"9":8,"10":8,"11":2,"12":2,"13":11,"14":4,"15":4,"16":3,"17":1,"18":1,"19":7,"20":7,"21":0,"22":7,"23":1,"24":6,"25":14,"26":5,"27":1,"28":1,"29":1,"30":1,"31":1,"32":1,"33":1,"34":1,"35":1,"36":1,"37":5,"38":14,"39":11,"40":5,"41":5,"42":3,"43":2,"44":5,"45":11,"46":11,"47":14,"48":14},"f":{"0":5,"1":11,"2":14},"b":{"0":[4,1],"1":[0,1],"2":[1,8],"3":[2,6],"4":[4,7],"5":[3,1],"6":[1,0],"7":[0,7],"8":[1,6],"9":[5,9],"10":[1,1,1,1,1],"11":[11,3],"12":[5,6],"13":[3,2]},"meta":{"lastBranch":14,"lastFunction":3,"lastStatement":49,"seen":{"f:9:9:9:29":0,"s:11:30:11:Infinity":0,"b:13:4:17:Infinity:15:4:17:Infinity":0,"s:13:4:17:Infinity":1,"s:14:8:14:Infinity":2,"b:15:4:17:Infinity:undefined:undefined:undefined:undefined":1,"s:15:4:17:Infinity":3,"s:16:8:16:Infinity":4,"s:19:4:27:Infinity":5,"s:21:25:21:Infinity":6,"b:22:8:22:Infinity:undefined:undefined:undefined:undefined":2,"s:22:8:22:Infinity":7,"s:22:22:22:Infinity":8,"s:25:30:25:Infinity":9,"b:26:8:26:Infinity:undefined:undefined:undefined:undefined":3,"s:26:8:26:Infinity":10,"s:26:27:26:Infinity":11,"s:29:4:29:Infinity":12,"f:35:9:35:29":1,"b:37:4:41:Infinity:undefined:undefined:undefined:undefined":4,"s:37:4:41:Infinity":13,"s:38:22:38:Infinity":14,"b:39:8:39:Infinity:undefined:undefined:undefined:undefined":5,"s:39:8:39:Infinity":15,"s:39:43:39:Infinity":16,"b:40:8:40:Infinity:undefined:undefined:undefined:undefined":6,"s:40:8:40:Infinity":17,"s:40:53:40:Infinity":18,"s:44:18:44:Infinity":19,"b:45:4:45:Infinity:undefined:undefined:undefined:undefined":7,"s:45:4:45:Infinity":20,"s:45:39:45:Infinity":21,"b:48:4:48:Infinity:undefined:undefined:undefined:undefined":8,"s:48:4:48:Infinity":22,"s:48:47:48:Infinity":23,"s:50:4:50:Infinity":24,"f:59:16:59:28":2,"b:60:4:90:Infinity:undefined:undefined:undefined:undefined":9,"s:60:4:90:Infinity":25,"b:62:12:66:Infinity:67:12:71:Infinity:72:12:76:Infinity:77:12:81:Infinity:82:12:86:Infinity":10,"s:61:8:87:Infinity":26,"s:63:16:65:Infinity":27,"s:66:16:66:Infinity":28,"s:68:16:70:Infinity":29,"s:71:16:71:Infinity":30,"s:73:16:75:Infinity":31,"s:76:16:76:Infinity":32,"s:78:16:80:Infinity":33,"s:81:16:81:Infinity":34,"s:83:16:85:Infinity":35,"s:86:16:86:Infinity":36,"s:89:8:89:Infinity":37,"b:92:4:110:Infinity:undefined:undefined:undefined:undefined":11,"s:92:4:110:Infinity":38,"b:93:8:106:Infinity:undefined:undefined:undefined:undefined":12,"s:93:8:106:Infinity":39,"s:94:24:94:Infinity":40,"b:95:12:103:Infinity:99:19:103:Infinity":13,"s:95:12:103:Infinity":41,"s:96:16:98:Infinity":42,"s:100:16:102:Infinity":43,"s:105:12:105:Infinity":44,"s:108:8:108:Infinity":45,"s:109:8:109:Infinity":46,"s:112:4:112:Infinity":47,"s:113:4:113:Infinity":48}}}
,"/root/repos/triliumnext-cli/src/output.ts": {"path":"/root/repos/triliumnext-cli/src/output.ts","statementMap":{"0":{"start":{"line":18,"column":18},"end":{"line":24,"column":null}},"1":{"start":{"line":31,"column":22},"end":{"line":45,"column":null}},"2":{"start":{"line":56,"column":2},"end":{"line":56,"column":null}},"3":{"start":{"line":56,"column":35},"end":{"line":56,"column":47}},"4":{"start":{"line":64,"column":18},"end":{"line":64,"column":null}},"5":{"start":{"line":65,"column":2},"end":{"line":71,"column":null}},"6":{"start":{"line":66,"column":4},"end":{"line":70,"column":null}},"7":{"start":{"line":67,"column":6},"end":{"line":69,"column":null}},"8":{"start":{"line":68,"column":8},"end":{"line":68,"column":null}},"9":{"start":{"line":73,"column":2},"end":{"line":73,"column":null}},"10":{"start":{"line":73,"column":39},"end":{"line":73,"column":55}},"11":{"start":{"line":81,"column":2},"end":{"line":81,"column":null}},"12":{"start":{"line":89,"column":2},"end":{"line":114,"column":null}},"13":{"start":{"line":90,"column":4},"end":{"line":93,"column":null}},"14":{"start":{"line":92,"column":6},"end":{"line":92,"column":null}},"15":{"start":{"line":96,"column":23},"end":{"line":99,"column":null}},"16":{"start":{"line":98,"column":8},"end":{"line":98,"column":null}},"17":{"start":{"line":101,"column":4},"end":{"line":111,"column":null}},"18":{"start":{"line":102,"column":22},"end":{"line":102,"column":null}},"19":{"start":{"line":103,"column":6},"end":{"line":108,"column":null}},"20":{"start":{"line":104,"column":8},"end":{"line":104,"column":null}},"21":{"start":{"line":107,"column":8},"end":{"line":107,"column":null}},"22":{"start":{"line":110,"column":6},"end":{"line":110,"column":null}},"23":{"start":{"line":113,"column":4},"end":{"line":113,"column":null}},"24":{"start":{"line":116,"column":2},"end":{"line":122,"column":null}},"25":{"start":{"line":117,"column":19},"end":{"line":117,"column":null}},"26":{"start":{"line":118,"column":4},"end":{"line":120,"column":null}},"27":{"start":{"line":119,"column":6},"end":{"line":119,"column":null}},"28":{"start":{"line":121,"column":4},"end":{"line":121,"column":null}},"29":{"start":{"line":125,"column":2},"end":{"line":125,"column":null}},"30":{"start":{"line":133,"column":2},"end":{"line":147,"column":null}},"31":{"start":{"line":134,"column":4},"end":{"line":145,"column":null}},"32":{"start":{"line":135,"column":6},"end":{"line":142,"column":null}},"33":{"start":{"line":136,"column":23},"end":{"line":136,"column":null}},"34":{"start":{"line":137,"column":24},"end":{"line":137,"column":null}},"35":{"start":{"line":138,"column":8},"end":{"line":141,"column":null}},"36":{"start":{"line":139,"column":10},"end":{"line":139,"column":null}},"37":{"start":{"line":140,"column":10},"end":{"line":140,"column":null}},"38":{"start":{"line":144,"column":6},"end":{"line":144,"column":null}},"39":{"start":{"line":146,"column":4},"end":{"line":146,"column":null}},"40":{"start":{"line":149,"column":2},"end":{"line":156,"column":null}},"41":{"start":{"line":150,"column":19},"end":{"line":150,"column":null}},"42":{"start":{"line":151,"column":20},"end":{"line":151,"column":null}},"43":{"start":{"line":152,"column":4},"end":{"line":155,"column":null}},"44":{"start":{"line":153,"column":6},"end":{"line":153,"column":null}},"45":{"start":{"line":154,"column":6},"end":{"line":154,"column":null}},"46":{"start":{"line":159,"column":2},"end":{"line":159,"column":null}},"47":{"start":{"line":174,"column":2},"end":{"line":188,"column":null}},"48":{"start":{"line":176,"column":6},"end":{"line":176,"column":null}},"49":{"start":{"line":177,"column":6},"end":{"line":177,"column":null}},"50":{"start":{"line":179,"column":6},"end":{"line":179,"column":null}},"51":{"start":{"line":180,"column":6},"end":{"line":180,"column":null}},"52":{"start":{"line":182,"column":6},"end":{"line":182,"column":null}},"53":{"start":{"line":183,"column":6},"end":{"line":183,"column":null}},"54":{"start":{"line":185,"column":33},"end":{"line":185,"column":null}},"55":{"start":{"line":186,"column":6},"end":{"line":186,"column":null}},"56":{"start":{"line":199,"column":2},"end":{"line":203,"column":null}},"57":{"start":{"line":200,"column":4},"end":{"line":200,"column":null}},"58":{"start":{"line":202,"column":4},"end":{"line":202,"column":null}}},"fnMap":{"0":{"name":"findIdField","decl":{"start":{"line":55,"column":9},"end":{"line":55,"column":21}},"loc":{"start":{"line":55,"column":71},"end":{"line":57,"column":null}},"line":55},"1":{"name":"(anonymous_1)","decl":{"start":{"line":56,"column":24},"end":{"line":56,"column":25}},"loc":{"start":{"line":56,"column":35},"end":{"line":56,"column":47}},"line":56},"2":{"name":"selectTableColumns","decl":{"start":{"line":63,"column":9},"end":{"line":63,"column":28}},"loc":{"start":{"line":63,"column":71},"end":{"line":74,"column":null}},"line":63},"3":{"name":"(anonymous_3)","decl":{"start":{"line":73,"column":30},"end":{"line":73,"column":31}},"loc":{"start":{"line":73,"column":39},"end":{"line":73,"column":55}},"line":73},"4":{"name":"formatJson","decl":{"start":{"line":80,"column":9},"end":{"line":80,"column":20}},"loc":{"start":{"line":80,"column":41},"end":{"line":82,"column":null}},"line":80},"5":{"name":"formatTable","decl":{"start":{"line":88,"column":9},"end":{"line":88,"column":21}},"loc":{"start":{"line":88,"column":42},"end":{"line":126,"column":null}},"line":88},"6":{"name":"(anonymous_6)","decl":{"start":{"line":97,"column":6},"end":{"line":97,"column":7}},"loc":{"start":{"line":98,"column":8},"end":{"line":98,"column":null}},"line":98},"7":{"name":"formatQuiet","decl":{"start":{"line":132,"column":9},"end":{"line":132,"column":21}},"loc":{"start":{"line":132,"column":42},"end":{"line":160,"column":null}},"line":132},"8":{"name":"formatOutput","decl":{"start":{"line":173,"column":16},"end":{"line":173,"column":29}},"loc":{"start":{"line":173,"column":72},"end":{"line":189,"column":null}},"line":173},"9":{"name":"outputBinary","decl":{"start":{"line":198,"column":16},"end":{"line":198,"column":29}},"loc":{"start":{"line":198,"column":70},"end":{"line":204,"column":null}},"line":198}},"branchMap":{"0":{"loc":{"start":{"line":67,"column":6},"end":{"line":69,"column":null}},"type":"if","locations":[{"start":{"line":67,"column":6},"end":{"line":69,"column":null}},{"start":{},"end":{}}],"line":67},"1":{"loc":{"start":{"line":89,"column":2},"end":{"line":114,"column":null}},"type":"if","locations":[{"start":{"line":89,"column":2},"end":{"line":114,"column":null}},{"start":{},"end":{}}],"line":89},"2":{"loc":{"start":{"line":90,"column":4},"end":{"line":93,"column":null}},"type":"if","locations":[{"start":{"line":90,"column":4},"end":{"line":93,"column":null}},{"start":{},"end":{}}],"line":90},"3":{"loc":{"start":{"line":98,"column":8},"end":{"line":98,"column":null}},"type":"binary-expr","locations":[{"start":{"line":98,"column":8},"end":{"line":98,"column":25}},{"start":{"line":98,"column":25},"end":{"line":98,"column":53}},{"start":{"line":98,"column":53},"end":{"line":98,"column":null}}],"line":98},"4":{"loc":{"start":{"line":101,"column":4},"end":{"line":111,"column":null}},"type":"if","locations":[{"start":{"line":101,"column":4},"end":{"line":111,"column":null}},{"start":{"line":109,"column":11},"end":{"line":111,"column":null}}],"line":101},"5":{"loc":{"start":{"line":103,"column":6},"end":{"line":108,"column":null}},"type":"if","locations":[{"start":{"line":103,"column":6},"end":{"line":108,"column":null}},{"start":{"line":105,"column":13},"end":{"line":108,"column":null}}],"line":103},"6":{"loc":{"start":{"line":116,"column":2},"end":{"line":122,"column":null}},"type":"if","locations":[{"start":{"line":116,"column":2},"end":{"line":122,"column":null}},{"start":{},"end":{}}],"line":116},"7":{"loc":{"start":{"line":116,"column":6},"end":{"line":116,"column":49}},"type":"binary-expr","locations":[{"start":{"line":116,"column":6},"end":{"line":116,"column":23}},{"start":{"line":116,"column":23},"end":{"line":116,"column":49}}],"line":116},"8":{"loc":{"start":{"line":133,"column":2},"end":{"line":147,"column":null}},"type":"if","locations":[{"start":{"line":133,"column":2},"end":{"line":147,"column":null}},{"start":{},"end":{}}],"line":133},"9":{"loc":{"start":{"line":135,"column":6},"end":{"line":142,"column":null}},"type":"if","locations":[{"start":{"line":135,"column":6},"end":{"line":142,"column":null}},{"start":{},"end":{}}],"line":135},"10":{"loc":{"start":{"line":135,"column":10},"end":{"line":135,"column":77}},"type":"binary-expr","locations":[{"start":{"line":135,"column":10},"end":{"line":135,"column":27}},{"start":{"line":135,"column":27},"end":{"line":135,"column":55}},{"start":{"line":135,"column":55},"end":{"line":135,"column":77}}],"line":135},"11":{"loc":{"start":{"line":138,"column":8},"end":{"line":141,"column":null}},"type":"if","locations":[{"start":{"line":138,"column":8},"end":{"line":141,"column":null}},{"start":{},"end":{}}],"line":138},"12":{"loc":{"start":{"line":149,"column":2},"end":{"line":156,"column":null}},"type":"if","locations":[{"start":{"line":149,"column":2},"end":{"line":156,"column":null}},{"start":{},"end":{}}],"line":149},"13":{"loc":{"start":{"line":149,"column":6},"end":{"line":149,"column":73}},"type":"binary-expr","locations":[{"start":{"line":149,"column":6},"end":{"line":149,"column":23}},{"start":{"line":149,"column":23},"end":{"line":149,"column":51}},{"start":{"line":149,"column":51},"end":{"line":149,"column":73}}],"line":149},"14":{"loc":{"start":{"line":152,"column":4},"end":{"line":155,"column":null}},"type":"if","locations":[{"start":{"line":152,"column":4},"end":{"line":155,"column":null}},{"start":{},"end":{}}],"line":152},"15":{"loc":{"start":{"line":174,"column":2},"end":{"line":188,"column":null}},"type":"switch","locations":[{"start":{"line":175,"column":4},"end":{"line":177,"column":null}},{"start":{"line":178,"column":4},"end":{"line":180,"column":null}},{"start":{"line":181,"column":4},"end":{"line":183,"column":null}},{"start":{"line":184,"column":4},"end":{"line":187,"column":null}}],"line":174},"16":{"loc":{"start":{"line":199,"column":2},"end":{"line":203,"column":null}},"type":"if","locations":[{"start":{"line":199,"column":2},"end":{"line":203,"column":null}},{"start":{"line":201,"column":9},"end":{"line":203,"column":null}}],"line":199}},"s":{"0":1,"1":1,"2":10,"3":22,"4":2,"5":2,"6":4,"7":52,"8":6,"9":2,"10":26,"11":9,"12":7,"13":4,"14":1,"15":3,"16":5,"17":3,"18":2,"19":2,"20":1,"21":1,"22":1,"23":3,"24":3,"25":1,"26":1,"27":3,"28":1,"29":2,"30":9,"31":2,"32":6,"33":5,"34":5,"35":5,"36":4,"37":4,"38":2,"39":2,"40":7,"41":5,"42":5,"43":5,"44":4,"45":4,"46":3,"47":22,"48":6,"49":6,"50":7,"51":7,"52":9,"53":9,"54":0,"55":0,"56":2,"57":1,"58":1},"f":{"0":10,"1":22,"2":2,"3":26,"4":9,"5":7,"6":5,"7":9,"8":22,"9":2},"b":{"0":[6,46],"1":[4,3],"2":[1,3],"3":[5,5,4],"4":[2,1],"5":[1,1],"6":[1,2],"7":[3,3],"8":[2,7],"9":[5,1],"10":[6,6,5],"11":[4,1],"12":[5,2],"13":[7,7,5],"14":[4,1],"15":[6,7,9,0],"16":[1,1]},"meta":{"lastBranch":17,"lastFunction":10,"lastStatement":59,"seen":{"s:18:18:24:Infinity":0,"s:31:22:45:Infinity":1,"f:55:9:55:21":0,"s:56:2:56:Infinity":2,"f:56:24:56:25":1,"s:56:35:56:47":3,"f:63:9:63:28":2,"s:64:18:64:Infinity":4,"s:65:2:71:Infinity":5,"s:66:4:70:Infinity":6,"b:67:6:69:Infinity:undefined:undefined:undefined:undefined":0,"s:67:6:69:Infinity":7,"s:68:8:68:Infinity":8,"s:73:2:73:Infinity":9,"f:73:30:73:31":3,"s:73:39:73:55":10,"f:80:9:80:20":4,"s:81:2:81:Infinity":11,"f:88:9:88:21":5,"b:89:2:114:Infinity:undefined:undefined:undefined:undefined":1,"s:89:2:114:Infinity":12,"b:90:4:93:Infinity:undefined:undefined:undefined:undefined":2,"s:90:4:93:Infinity":13,"s:92:6:92:Infinity":14,"s:96:23:99:Infinity":15,"f:97:6:97:7":6,"s:98:8:98:Infinity":16,"b:98:8:98:25:98:25:98:53:98:53:98:Infinity":3,"b:101:4:111:Infinity:109:11:111:Infinity":4,"s:101:4:111:Infinity":17,"s:102:22:102:Infinity":18,"b:103:6:108:Infinity:105:13:108:Infinity":5,"s:103:6:108:Infinity":19,"s:104:8:104:Infinity":20,"s:107:8:107:Infinity":21,"s:110:6:110:Infinity":22,"s:113:4:113:Infinity":23,"b:116:2:122:Infinity:undefined:undefined:undefined:undefined":6,"s:116:2:122:Infinity":24,"b:116:6:116:23:116:23:116:49":7,"s:117:19:117:Infinity":25,"s:118:4:120:Infinity":26,"s:119:6:119:Infinity":27,"s:121:4:121:Infinity":28,"s:125:2:125:Infinity":29,"f:132:9:132:21":7,"b:133:2:147:Infinity:undefined:undefined:undefined:undefined":8,"s:133:2:147:Infinity":30,"s:134:4:145:Infinity":31,"b:135:6:142:Infinity:undefined:undefined:undefined:undefined":9,"s:135:6:142:Infinity":32,"b:135:10:135:27:135:27:135:55:135:55:135:77":10,"s:136:23:136:Infinity":33,"s:137:24:137:Infinity":34,"b:138:8:141:Infinity:undefined:undefined:undefined:undefined":11,"s:138:8:141:Infinity":35,"s:139:10:139:Infinity":36,"s:140:10:140:Infinity":37,"s:144:6:144:Infinity":38,"s:146:4:146:Infinity":39,"b:149:2:156:Infinity:undefined:undefined:undefined:undefined":12,"s:149:2:156:Infinity":40,"b:149:6:149:23:149:23:149:51:149:51:149:73":13,"s:150:19:150:Infinity":41,"s:151:20:151:Infinity":42,"b:152:4:155:Infinity:undefined:undefined:undefined:undefined":14,"s:152:4:155:Infinity":43,"s:153:6:153:Infinity":44,"s:154:6:154:Infinity":45,"s:159:2:159:Infinity":46,"f:173:16:173:29":8,"b:175:4:177:Infinity:178:4:180:Infinity:181:4:183:Infinity:184:4:187:Infinity":15,"s:174:2:188:Infinity":47,"s:176:6:176:Infinity":48,"s:177:6:177:Infinity":49,"s:179:6:179:Infinity":50,"s:180:6:180:Infinity":51,"s:182:6:182:Infinity":52,"s:183:6:183:Infinity":53,"s:185:33:185:Infinity":54,"s:186:6:186:Infinity":55,"f:198:16:198:29":9,"b:199:2:203:Infinity:201:9:203:Infinity":16,"s:199:2:203:Infinity":56,"s:200:4:200:Infinity":57,"s:202:4:202:Infinity":58}}}
,"/root/repos/triliumnext-cli/src/stdin.ts": {"path":"/root/repos/triliumnext-cli/src/stdin.ts","statementMap":{"0":{"start":{"line":6,"column":4},"end":{"line":6,"column":null}},"1":{"start":{"line":6,"column":29},"end":{"line":6,"column":null}},"2":{"start":{"line":8,"column":29},"end":{"line":8,"column":null}},"3":{"start":{"line":9,"column":4},"end":{"line":11,"column":null}},"4":{"start":{"line":10,"column":8},"end":{"line":10,"column":null}},"5":{"start":{"line":12,"column":4},"end":{"line":12,"column":null}}},"fnMap":{"0":{"name":"readStdin","decl":{"start":{"line":5,"column":22},"end":{"line":5,"column":58}},"loc":{"start":{"line":5,"column":58},"end":{"line":13,"column":null}},"line":5}},"branchMap":{"0":{"loc":{"start":{"line":6,"column":4},"end":{"line":6,"column":null}},"type":"if","locations":[{"start":{"line":6,"column":4},"end":{"line":6,"column":null}},{"start":{},"end":{}}],"line":6},"1":{"loc":{"start":{"line":10,"column":20},"end":{"line":10,"column":74}},"type":"cond-expr","locations":[{"start":{"line":10,"column":48},"end":{"line":10,"column":69}},{"start":{"line":10,"column":69},"end":{"line":10,"column":74}}],"line":10}},"s":{"0":7,"1":1,"2":6,"3":6,"4":10,"5":6},"f":{"0":7},"b":{"0":[1,6],"1":[6,4]},"meta":{"lastBranch":2,"lastFunction":1,"lastStatement":6,"seen":{"f:5:22:5:58":0,"b:6:4:6:Infinity:undefined:undefined:undefined:undefined":0,"s:6:4:6:Infinity":0,"s:6:29:6:Infinity":1,"s:8:29:8:Infinity":2,"s:9:4:11:Infinity":3,"s:10:8:10:Infinity":4,"b:10:48:10:69:10:69:10:74":1,"s:12:4:12:Infinity":5}}}
,"/root/repos/triliumnext-cli/src/client/http.ts": {"path":"/root/repos/triliumnext-cli/src/client/http.ts","statementMap":{"0":{"start":{"line":8,"column":8},"end":{"line":8,"column":null}},"1":{"start":{"line":9,"column":8},"end":{"line":9,"column":null}},"2":{"start":{"line":10,"column":8},"end":{"line":10,"column":null}},"3":{"start":{"line":11,"column":8},"end":{"line":11,"column":null}},"4":{"start":{"line":21,"column":21},"end":{"line":21,"column":null}},"5":{"start":{"line":22,"column":8},"end":{"line":22,"column":null}},"6":{"start":{"line":23,"column":8},"end":{"line":23,"column":null}},"7":{"start":{"line":27,"column":42},"end":{"line":27,"column":null}},"8":{"start":{"line":28,"column":8},"end":{"line":28,"column":null}},"9":{"start":{"line":28,"column":25},"end":{"line":28,"column":null}},"10":{"start":{"line":29,"column":8},"end":{"line":29,"column":null}},"11":{"start":{"line":33,"column":20},"end":{"line":33,"column":null}},"12":{"start":{"line":34,"column":8},"end":{"line":38,"column":null}},"13":{"start":{"line":35,"column":12},"end":{"line":37,"column":null}},"14":{"start":{"line":36,"column":16},"end":{"line":36,"column":null}},"15":{"start":{"line":36,"column":37},"end":{"line":36,"column":null}},"16":{"start":{"line":39,"column":8},"end":{"line":39,"column":null}},"17":{"start":{"line":43,"column":8},"end":{"line":51,"column":null}},"18":{"start":{"line":45,"column":12},"end":{"line":49,"column":null}},"19":{"start":{"line":46,"column":16},"end":{"line":46,"column":null}},"20":{"start":{"line":48,"column":16},"end":{"line":48,"column":null}},"21":{"start":{"line":50,"column":12},"end":{"line":50,"column":null}},"22":{"start":{"line":53,"column":8},"end":{"line":53,"column":null}},"23":{"start":{"line":53,"column":32},"end":{"line":53,"column":null}},"24":{"start":{"line":54,"column":19},"end":{"line":54,"column":null}},"25":{"start":{"line":55,"column":8},"end":{"line":57,"column":null}},"26":{"start":{"line":56,"column":12},"end":{"line":56,"column":null}},"27":{"start":{"line":58,"column":8},"end":{"line":58,"column":null}},"28":{"start":{"line":62,"column":20},"end":{"line":62,"column":null}},"29":{"start":{"line":63,"column":8},"end":{"line":63,"column":null}},"30":{"start":{"line":67,"column":20},"end":{"line":71,"column":null}},"31":{"start":{"line":72,"column":8},"end":{"line":72,"column":null}},"32":{"start":{"line":76,"column":20},"end":{"line":80,"column":null}},"33":{"start":{"line":81,"column":8},"end":{"line":81,"column":null}},"34":{"start":{"line":85,"column":20},"end":{"line":89,"column":null}},"35":{"start":{"line":90,"column":8},"end":{"line":90,"column":null}},"36":{"start":{"line":94,"column":20},"end":{"line":94,"column":null}},"37":{"start":{"line":95,"column":8},"end":{"line":95,"column":null}},"38":{"start":{"line":99,"column":20},"end":{"line":99,"column":null}},"39":{"start":{"line":100,"column":8},"end":{"line":105,"column":null}},"40":{"start":{"line":103,"column":12},"end":{"line":103,"column":null}},"41":{"start":{"line":103,"column":18},"end":{"line":103,"column":57}},"42":{"start":{"line":103,"column":67},"end":{"line":103,"column":134}},"43":{"start":{"line":104,"column":12},"end":{"line":104,"column":null}},"44":{"start":{"line":106,"column":19},"end":{"line":106,"column":null}},"45":{"start":{"line":107,"column":8},"end":{"line":107,"column":null}},"46":{"start":{"line":111,"column":20},"end":{"line":115,"column":null}},"47":{"start":{"line":116,"column":8},"end":{"line":120,"column":null}},"48":{"start":{"line":118,"column":12},"end":{"line":118,"column":null}},"49":{"start":{"line":118,"column":18},"end":{"line":118,"column":57}},"50":{"start":{"line":118,"column":67},"end":{"line":118,"column":134}},"51":{"start":{"line":119,"column":12},"end":{"line":119,"column":null}},"52":{"start":{"line":124,"column":20},"end":{"line":128,"column":null}},"53":{"start":{"line":129,"column":8},"end":{"line":133,"column":null}},"54":{"start":{"line":131,"column":12},"end":{"line":131,"column":null}},"55":{"start":{"line":131,"column":18},"end":{"line":131,"column":57}},"56":{"start":{"line":131,"column":67},"end":{"line":131,"column":134}},"57":{"start":{"line":132,"column":12},"end":{"line":132,"column":null}},"58":{"start":{"line":134,"column":19},"end":{"line":134,"column":null}},"59":{"start":{"line":135,"column":8},"end":{"line":135,"column":null}},"60":{"start":{"line":135,"column":45},"end":{"line":135,"column":null}},"61":{"start":{"line":136,"column":8},"end":{"line":136,"column":null}},"62":{"start":{"line":136,"column":32},"end":{"line":136,"column":null}},"63":{"start":{"line":137,"column":8},"end":{"line":137,"column":null}},"64":{"start":{"line":142,"column":21},"end":{"line":142,"column":null}},"65":{"start":{"line":143,"column":20},"end":{"line":143,"column":null}},"66":{"start":{"line":144,"column":20},"end":{"line":148,"column":null}},"67":{"start":{"line":149,"column":8},"end":{"line":153,"column":null}},"68":{"start":{"line":151,"column":12},"end":{"line":151,"column":null}},"69":{"start":{"line":151,"column":18},"end":{"line":151,"column":60}},"70":{"start":{"line":151,"column":70},"end":{"line":151,"column":137}},"71":{"start":{"line":152,"column":12},"end":{"line":152,"column":null}},"72":{"start":{"line":154,"column":8},"end":{"line":154,"column":null}}},"fnMap":{"0":{"name":"(anonymous_0)","decl":{"start":{"line":7,"column":4},"end":{"line":7,"column":16}},"loc":{"start":{"line":7,"column":63},"end":{"line":12,"column":null}},"line":7},"1":{"name":"(anonymous_1)","decl":{"start":{"line":19,"column":4},"end":{"line":19,"column":16}},"loc":{"start":{"line":19,"column":48},"end":{"line":24,"column":null}},"line":19},"2":{"name":"(anonymous_2)","decl":{"start":{"line":26,"column":12},"end":{"line":26,"column":20}},"loc":{"start":{"line":26,"column":66},"end":{"line":30,"column":null}},"line":26},"3":{"name":"(anonymous_3)","decl":{"start":{"line":32,"column":12},"end":{"line":32,"column":21}},"loc":{"start":{"line":32,"column":107},"end":{"line":40,"column":null}},"line":32},"4":{"name":"(anonymous_4)","decl":{"start":{"line":42,"column":18},"end":{"line":42,"column":36}},"loc":{"start":{"line":42,"column":63},"end":{"line":59,"column":null}},"line":42},"5":{"name":"(anonymous_5)","decl":{"start":{"line":61,"column":10},"end":{"line":61,"column":17}},"loc":{"start":{"line":61,"column":107},"end":{"line":64,"column":null}},"line":61},"6":{"name":"(anonymous_6)","decl":{"start":{"line":66,"column":10},"end":{"line":66,"column":18}},"loc":{"start":{"line":66,"column":60},"end":{"line":73,"column":null}},"line":66},"7":{"name":"(anonymous_7)","decl":{"start":{"line":75,"column":10},"end":{"line":75,"column":17}},"loc":{"start":{"line":75,"column":59},"end":{"line":82,"column":null}},"line":75},"8":{"name":"(anonymous_8)","decl":{"start":{"line":84,"column":10},"end":{"line":84,"column":19}},"loc":{"start":{"line":84,"column":60},"end":{"line":91,"column":null}},"line":84},"9":{"name":"(anonymous_9)","decl":{"start":{"line":93,"column":10},"end":{"line":93,"column":17}},"loc":{"start":{"line":93,"column":46},"end":{"line":96,"column":null}},"line":93},"10":{"name":"(anonymous_10)","decl":{"start":{"line":98,"column":10},"end":{"line":98,"column":17}},"loc":{"start":{"line":98,"column":112},"end":{"line":108,"column":null}},"line":98},"11":{"name":"(anonymous_11)","decl":{"start":{"line":110,"column":10},"end":{"line":110,"column":17}},"loc":{"start":{"line":110,"column":105},"end":{"line":121,"column":null}},"line":110},"12":{"name":"(anonymous_12)","decl":{"start":{"line":123,"column":10},"end":{"line":123,"column":18}},"loc":{"start":{"line":123,"column":85},"end":{"line":138,"column":null}},"line":123},"13":{"name":"(anonymous_13)","decl":{"start":{"line":141,"column":17},"end":{"line":141,"column":31}},"loc":{"start":{"line":141,"column":89},"end":{"line":155,"column":null}},"line":141}},"branchMap":{"0":{"loc":{"start":{"line":22,"column":23},"end":{"line":22,"column":null}},"type":"cond-expr","locations":[{"start":{"line":22,"column":49},"end":{"line":22,"column":56}},{"start":{"line":22,"column":56},"end":{"line":22,"column":null}}],"line":22},"1":{"loc":{"start":{"line":28,"column":8},"end":{"line":28,"column":null}},"type":"if","locations":[{"start":{"line":28,"column":8},"end":{"line":28,"column":null}},{"start":{},"end":{}}],"line":28},"2":{"loc":{"start":{"line":34,"column":8},"end":{"line":38,"column":null}},"type":"if","locations":[{"start":{"line":34,"column":8},"end":{"line":38,"column":null}},{"start":{},"end":{}}],"line":34},"3":{"loc":{"start":{"line":36,"column":16},"end":{"line":36,"column":null}},"type":"if","locations":[{"start":{"line":36,"column":16},"end":{"line":36,"column":null}},{"start":{},"end":{}}],"line":36},"4":{"loc":{"start":{"line":43,"column":8},"end":{"line":51,"column":null}},"type":"if","locations":[{"start":{"line":43,"column":8},"end":{"line":51,"column":null}},{"start":{},"end":{}}],"line":43},"5":{"loc":{"start":{"line":53,"column":8},"end":{"line":53,"column":null}},"type":"if","locations":[{"start":{"line":53,"column":8},"end":{"line":53,"column":null}},{"start":{},"end":{}}],"line":53},"6":{"loc":{"start":{"line":54,"column":19},"end":{"line":54,"column":null}},"type":"binary-expr","locations":[{"start":{"line":54,"column":19},"end":{"line":54,"column":54}},{"start":{"line":54,"column":54},"end":{"line":54,"column":null}}],"line":54},"7":{"loc":{"start":{"line":55,"column":8},"end":{"line":57,"column":null}},"type":"if","locations":[{"start":{"line":55,"column":8},"end":{"line":57,"column":null}},{"start":{},"end":{}}],"line":55},"8":{"loc":{"start":{"line":70,"column":18},"end":{"line":70,"column":null}},"type":"cond-expr","locations":[{"start":{"line":70,"column":39},"end":{"line":70,"column":62}},{"start":{"line":70,"column":62},"end":{"line":70,"column":null}}],"line":70},"9":{"loc":{"start":{"line":79,"column":18},"end":{"line":79,"column":null}},"type":"cond-expr","locations":[{"start":{"line":79,"column":39},"end":{"line":79,"column":62}},{"start":{"line":79,"column":62},"end":{"line":79,"column":null}}],"line":79},"10":{"loc":{"start":{"line":100,"column":8},"end":{"line":105,"column":null}},"type":"if","locations":[{"start":{"line":100,"column":8},"end":{"line":105,"column":null}},{"start":{},"end":{}}],"line":100},"11":{"loc":{"start":{"line":110,"column":54},"end":{"line":110,"column":105}},"type":"default-arg","locations":[{"start":{"line":110,"column":76},"end":{"line":110,"column":105}}],"line":110},"12":{"loc":{"start":{"line":116,"column":8},"end":{"line":120,"column":null}},"type":"if","locations":[{"start":{"line":116,"column":8},"end":{"line":120,"column":null}},{"start":{},"end":{}}],"line":116},"13":{"loc":{"start":{"line":129,"column":8},"end":{"line":133,"column":null}},"type":"if","locations":[{"start":{"line":129,"column":8},"end":{"line":133,"column":null}},{"start":{},"end":{}}],"line":129},"14":{"loc":{"start":{"line":134,"column":19},"end":{"line":134,"column":null}},"type":"binary-expr","locations":[{"start":{"line":134,"column":19},"end":{"line":134,"column":54}},{"start":{"line":134,"column":54},"end":{"line":134,"column":null}}],"line":134},"15":{"loc":{"start":{"line":135,"column":8},"end":{"line":135,"column":null}},"type":"if","locations":[{"start":{"line":135,"column":8},"end":{"line":135,"column":null}},{"start":{},"end":{}}],"line":135},"16":{"loc":{"start":{"line":136,"column":8},"end":{"line":136,"column":null}},"type":"if","locations":[{"start":{"line":136,"column":8},"end":{"line":136,"column":null}},{"start":{},"end":{}}],"line":136},"17":{"loc":{"start":{"line":143,"column":20},"end":{"line":143,"column":null}},"type":"cond-expr","locations":[{"start":{"line":143,"column":46},"end":{"line":143,"column":65}},{"start":{"line":143,"column":65},"end":{"line":143,"column":null}}],"line":143},"18":{"loc":{"start":{"line":149,"column":8},"end":{"line":153,"column":null}},"type":"if","locations":[{"start":{"line":149,"column":8},"end":{"line":153,"column":null}},{"start":{},"end":{}}],"line":149}},"s":{"0":13,"1":13,"2":13,"3":13,"4":77,"5":77,"6":77,"7":67,"8":67,"9":30,"10":67,"11":67,"12":67,"13":6,"14":11,"15":10,"16":67,"17":48,"18":3,"19":3,"20":1,"21":2,"22":45,"23":12,"24":33,"25":48,"26":33,"27":0,"28":23,"29":23,"30":11,"31":11,"32":3,"33":3,"34":5,"35":5,"36":6,"37":6,"38":8,"39":8,"40":2,"41":2,"42":1,"43":1,"44":6,"45":6,"46":6,"47":6,"48":1,"49":1,"50":0,"51":1,"52":5,"53":5,"54":1,"55":1,"56":0,"57":1,"58":4,"59":5,"60":2,"61":2,"62":2,"63":1,"64":5,"65":5,"66":5,"67":5,"68":1,"69":1,"70":0,"71":1,"72":4},"f":{"0":13,"1":77,"2":67,"3":67,"4":48,"5":23,"6":11,"7":3,"8":5,"9":6,"10":8,"11":6,"12":5,"13":4},"b":{"0":[1,76],"1":[30,37],"2":[6,61],"3":[10,1],"4":[3,45],"5":[12,33],"6":[33,0],"7":[33,15],"8":[5,6],"9":[1,2],"10":[2,6],"11":[6],"12":[1,5],"13":[1,4],"14":[4,1],"15":[2,3],"16":[1,1],"17":[1,4],"18":[1,4]},"meta":{"lastBranch":19,"lastFunction":14,"lastStatement":73,"seen":{"f:7:4:7:16":0,"s:8:8:8:Infinity":0,"s:9:8:9:Infinity":1,"s:10:8:10:Infinity":2,"s:11:8:11:Infinity":3,"f:19:4:19:16":1,"s:21:21:21:Infinity":4,"s:22:8:22:Infinity":5,"b:22:49:22:56:22:56:22:Infinity":0,"s:23:8:23:Infinity":6,"f:26:12:26:20":2,"s:27:42:27:Infinity":7,"b:28:8:28:Infinity:undefined:undefined:undefined:undefined":1,"s:28:8:28:Infinity":8,"s:28:25:28:Infinity":9,"s:29:8:29:Infinity":10,"f:32:12:32:21":3,"s:33:20:33:Infinity":11,"b:34:8:38:Infinity:undefined:undefined:undefined:undefined":2,"s:34:8:38:Infinity":12,"s:35:12:37:Infinity":13,"b:36:16:36:Infinity:undefined:undefined:undefined:undefined":3,"s:36:16:36:Infinity":14,"s:36:37:36:Infinity":15,"s:39:8:39:Infinity":16,"f:42:18:42:36":4,"b:43:8:51:Infinity:undefined:undefined:undefined:undefined":4,"s:43:8:51:Infinity":17,"s:45:12:49:Infinity":18,"s:46:16:46:Infinity":19,"s:48:16:48:Infinity":20,"s:50:12:50:Infinity":21,"b:53:8:53:Infinity:undefined:undefined:undefined:undefined":5,"s:53:8:53:Infinity":22,"s:53:32:53:Infinity":23,"s:54:19:54:Infinity":24,"b:54:19:54:54:54:54:54:Infinity":6,"b:55:8:57:Infinity:undefined:undefined:undefined:undefined":7,"s:55:8:57:Infinity":25,"s:56:12:56:Infinity":26,"s:58:8:58:Infinity":27,"f:61:10:61:17":5,"s:62:20:62:Infinity":28,"s:63:8:63:Infinity":29,"f:66:10:66:18":6,"s:67:20:71:Infinity":30,"b:70:39:70:62:70:62:70:Infinity":8,"s:72:8:72:Infinity":31,"f:75:10:75:17":7,"s:76:20:80:Infinity":32,"b:79:39:79:62:79:62:79:Infinity":9,"s:81:8:81:Infinity":33,"f:84:10:84:19":8,"s:85:20:89:Infinity":34,"s:90:8:90:Infinity":35,"f:93:10:93:17":9,"s:94:20:94:Infinity":36,"s:95:8:95:Infinity":37,"f:98:10:98:17":10,"s:99:20:99:Infinity":38,"b:100:8:105:Infinity:undefined:undefined:undefined:undefined":10,"s:100:8:105:Infinity":39,"s:103:12:103:Infinity":40,"s:103:18:103:57":41,"s:103:67:103:134":42,"s:104:12:104:Infinity":43,"s:106:19:106:Infinity":44,"s:107:8:107:Infinity":45,"f:110:10:110:17":11,"b:110:76:110:105":11,"s:111:20:115:Infinity":46,"b:116:8:120:Infinity:undefined:undefined:undefined:undefined":12,"s:116:8:120:Infinity":47,"s:118:12:118:Infinity":48,"s:118:18:118:57":49,"s:118:67:118:134":50,"s:119:12:119:Infinity":51,"f:123:10:123:18":12,"s:124:20:128:Infinity":52,"b:129:8:133:Infinity:undefined:undefined:undefined:undefined":13,"s:129:8:133:Infinity":53,"s:131:12:131:Infinity":54,"s:131:18:131:57":55,"s:131:67:131:134":56,"s:132:12:132:Infinity":57,"s:134:19:134:Infinity":58,"b:134:19:134:54:134:54:134:Infinity":14,"b:135:8:135:Infinity:undefined:undefined:undefined:undefined":15,"s:135:8:135:Infinity":59,"s:135:45:135:Infinity":60,"b:136:8:136:Infinity:undefined:undefined:undefined:undefined":16,"s:136:8:136:Infinity":61,"s:136:32:136:Infinity":62,"s:137:8:137:Infinity":63,"f:141:17:141:31":13,"s:142:21:142:Infinity":64,"s:143:20:143:Infinity":65,"b:143:46:143:65:143:65:143:Infinity":17,"s:144:20:148:Infinity":66,"b:149:8:153:Infinity:undefined:undefined:undefined:undefined":18,"s:149:8:153:Infinity":67,"s:151:12:151:Infinity":68,"s:151:18:151:60":69,"s:151:70:151:137":70,"s:152:12:152:Infinity":71,"s:154:8:154:Infinity":72}}}
,"/root/repos/triliumnext-cli/src/client/index.ts": {"path":"/root/repos/triliumnext-cli/src/client/index.ts","statementMap":{"0":{"start":{"line":99,"column":8},"end":{"line":99,"column":null}},"1":{"start":{"line":104,"column":8},"end":{"line":104,"column":null}},"2":{"start":{"line":108,"column":8},"end":{"line":108,"column":null}},"3":{"start":{"line":113,"column":8},"end":{"line":113,"column":null}},"4":{"start":{"line":117,"column":8},"end":{"line":117,"column":null}},"5":{"start":{"line":121,"column":8},"end":{"line":121,"column":null}},"6":{"start":{"line":125,"column":8},"end":{"line":125,"column":null}},"7":{"start":{"line":129,"column":8},"end":{"line":129,"column":null}},"8":{"start":{"line":133,"column":8},"end":{"line":133,"column":null}},"9":{"start":{"line":137,"column":8},"end":{"line":137,"column":null}},"10":{"start":{"line":141,"column":8},"end":{"line":141,"column":null}},"11":{"start":{"line":145,"column":8},"end":{"line":145,"column":null}},"12":{"start":{"line":149,"column":8},"end":{"line":149,"column":null}},"13":{"start":{"line":153,"column":8},"end":{"line":153,"column":null}},"14":{"start":{"line":157,"column":8},"end":{"line":157,"column":null}},"15":{"start":{"line":162,"column":8},"end":{"line":162,"column":null}},"16":{"start":{"line":166,"column":8},"end":{"line":166,"column":null}},"17":{"start":{"line":170,"column":8},"end":{"line":170,"column":null}},"18":{"start":{"line":175,"column":8},"end":{"line":175,"column":null}},"19":{"start":{"line":179,"column":8},"end":{"line":179,"column":null}},"20":{"start":{"line":183,"column":8},"end":{"line":183,"column":null}},"21":{"start":{"line":187,"column":8},"end":{"line":187,"column":null}},"22":{"start":{"line":191,"column":8},"end":{"line":191,"column":null}},"23":{"start":{"line":196,"column":8},"end":{"line":196,"column":null}},"24":{"start":{"line":200,"column":8},"end":{"line":200,"column":null}},"25":{"start":{"line":204,"column":8},"end":{"line":204,"column":null}},"26":{"start":{"line":208,"column":8},"end":{"line":208,"column":null}},"27":{"start":{"line":213,"column":8},"end":{"line":213,"column":null}},"28":{"start":{"line":217,"column":8},"end":{"line":217,"column":null}},"29":{"start":{"line":221,"column":8},"end":{"line":221,"column":null}},"30":{"start":{"line":225,"column":8},"end":{"line":225,"column":null}},"31":{"start":{"line":229,"column":8},"end":{"line":229,"column":null}},"32":{"start":{"line":233,"column":8},"end":{"line":233,"column":null}},"33":{"start":{"line":237,"column":8},"end":{"line":237,"column":null}},"34":{"start":{"line":242,"column":8},"end":{"line":242,"column":null}},"35":{"start":{"line":246,"column":8},"end":{"line":246,"column":null}},"36":{"start":{"line":250,"column":8},"end":{"line":250,"column":null}},"37":{"start":{"line":254,"column":8},"end":{"line":254,"column":null}},"38":{"start":{"line":258,"column":8},"end":{"line":258,"column":null}},"39":{"start":{"line":262,"column":8},"end":{"line":262,"column":null}},"40":{"start":{"line":267,"column":8},"end":{"line":267,"column":null}},"41":{"start":{"line":271,"column":8},"end":{"line":271,"column":null}}},"fnMap":{"0":{"name":"(anonymous_0)","decl":{"start":{"line":98,"column":4},"end":{"line":98,"column":16}},"loc":{"start":{"line":98,"column":48},"end":{"line":100,"column":null}},"line":98},"1":{"name":"(anonymous_1)","decl":{"start":{"line":103,"column":17},"end":{"line":103,"column":23}},"loc":{"start":{"line":103,"column":87},"end":{"line":105,"column":null}},"line":103},"2":{"name":"(anonymous_2)","decl":{"start":{"line":107,"column":10},"end":{"line":107,"column":34}},"loc":{"start":{"line":107,"column":34},"end":{"line":109,"column":null}},"line":107},"3":{"name":"(anonymous_3)","decl":{"start":{"line":112,"column":10},"end":{"line":112,"column":18}},"loc":{"start":{"line":112,"column":54},"end":{"line":114,"column":null}},"line":112},"4":{"name":"(anonymous_4)","decl":{"start":{"line":116,"column":10},"end":{"line":116,"column":22}},"loc":{"start":{"line":116,"column":79},"end":{"line":118,"column":null}},"line":116},"5":{"name":"(anonymous_5)","decl":{"start":{"line":120,"column":10},"end":{"line":120,"column":21}},"loc":{"start":{"line":120,"column":77},"end":{"line":122,"column":null}},"line":120},"6":{"name":"(anonymous_6)","decl":{"start":{"line":124,"column":10},"end":{"line":124,"column":20}},"loc":{"start":{"line":124,"column":81},"end":{"line":126,"column":null}},"line":124},"7":{"name":"(anonymous_7)","decl":{"start":{"line":128,"column":10},"end":{"line":128,"column":21}},"loc":{"start":{"line":128,"column":52},"end":{"line":130,"column":null}},"line":128},"8":{"name":"(anonymous_8)","decl":{"start":{"line":132,"column":10},"end":{"line":132,"column":25}},"loc":{"start":{"line":132,"column":58},"end":{"line":134,"column":null}},"line":132},"9":{"name":"(anonymous_9)","decl":{"start":{"line":136,"column":10},"end":{"line":136,"column":25}},"loc":{"start":{"line":136,"column":82},"end":{"line":138,"column":null}},"line":136},"10":{"name":"(anonymous_10)","decl":{"start":{"line":140,"column":10},"end":{"line":140,"column":21}},"loc":{"start":{"line":140,"column":84},"end":{"line":142,"column":null}},"line":140},"11":{"name":"(anonymous_11)","decl":{"start":{"line":144,"column":10},"end":{"line":144,"column":21}},"loc":{"start":{"line":144,"column":84},"end":{"line":146,"column":null}},"line":144},"12":{"name":"(anonymous_12)","decl":{"start":{"line":148,"column":10},"end":{"line":148,"column":25}},"loc":{"start":{"line":148,"column":56},"end":{"line":150,"column":null}},"line":148},"13":{"name":"(anonymous_13)","decl":{"start":{"line":152,"column":10},"end":{"line":152,"column":23}},"loc":{"start":{"line":152,"column":70},"end":{"line":154,"column":null}},"line":152},"14":{"name":"(anonymous_14)","decl":{"start":{"line":156,"column":10},"end":{"line":156,"column":25}},"loc":{"start":{"line":156,"column":80},"end":{"line":158,"column":null}},"line":156},"15":{"name":"(anonymous_15)","decl":{"start":{"line":161,"column":10},"end":{"line":161,"column":27}},"loc":{"start":{"line":161,"column":69},"end":{"line":163,"column":null}},"line":161},"16":{"name":"(anonymous_16)","decl":{"start":{"line":165,"column":10},"end":{"line":165,"column":22}},"loc":{"start":{"line":165,"column":66},"end":{"line":167,"column":null}},"line":165},"17":{"name":"(anonymous_17)","decl":{"start":{"line":169,"column":10},"end":{"line":169,"column":29}},"loc":{"start":{"line":169,"column":66},"end":{"line":171,"column":null}},"line":169},"18":{"name":"(anonymous_18)","decl":{"start":{"line":174,"column":10},"end":{"line":174,"column":20}},"loc":{"start":{"line":174,"column":60},"end":{"line":176,"column":null}},"line":174},"19":{"name":"(anonymous_19)","decl":{"start":{"line":178,"column":10},"end":{"line":178,"column":23}},"loc":{"start":{"line":178,"column":73},"end":{"line":180,"column":null}},"line":178},"20":{"name":"(anonymous_20)","decl":{"start":{"line":182,"column":10},"end":{"line":182,"column":22}},"loc":{"start":{"line":182,"column":89},"end":{"line":184,"column":null}},"line":182},"21":{"name":"(anonymous_21)","decl":{"start":{"line":186,"column":10},"end":{"line":186,"column":23}},"loc":{"start":{"line":186,"column":56},"end":{"line":188,"column":null}},"line":186},"22":{"name":"(anonymous_22)","decl":{"start":{"line":190,"column":10},"end":{"line":190,"column":30}},"loc":{"start":{"line":190,"column":67},"end":{"line":192,"column":null}},"line":190},"23":{"name":"(anonymous_23)","decl":{"start":{"line":195,"column":10},"end":{"line":195,"column":23}},"loc":{"start":{"line":195,"column":69},"end":{"line":197,"column":null}},"line":195},"24":{"name":"(anonymous_24)","decl":{"start":{"line":199,"column":10},"end":{"line":199,"column":26}},"loc":{"start":{"line":199,"column":82},"end":{"line":201,"column":null}},"line":199},"25":{"name":"(anonymous_25)","decl":{"start":{"line":203,"column":10},"end":{"line":203,"column":25}},"loc":{"start":{"line":203,"column":101},"end":{"line":205,"column":null}},"line":203},"26":{"name":"(anonymous_26)","decl":{"start":{"line":207,"column":10},"end":{"line":207,"column":26}},"loc":{"start":{"line":207,"column":62},"end":{"line":209,"column":null}},"line":207},"27":{"name":"(anonymous_27)","decl":{"start":{"line":212,"column":10},"end":{"line":212,"column":29}},"loc":{"start":{"line":212,"column":73},"end":{"line":214,"column":null}},"line":212},"28":{"name":"(anonymous_28)","decl":{"start":{"line":216,"column":10},"end":{"line":216,"column":24}},"loc":{"start":{"line":216,"column":72},"end":{"line":218,"column":null}},"line":216},"29":{"name":"(anonymous_29)","decl":{"start":{"line":220,"column":10},"end":{"line":220,"column":27}},"loc":{"start":{"line":220,"column":85},"end":{"line":222,"column":null}},"line":220},"30":{"name":"(anonymous_30)","decl":{"start":{"line":224,"column":10},"end":{"line":224,"column":26}},"loc":{"start":{"line":224,"column":105},"end":{"line":226,"column":null}},"line":224},"31":{"name":"(anonymous_31)","decl":{"start":{"line":228,"column":10},"end":{"line":228,"column":27}},"loc":{"start":{"line":228,"column":64},"end":{"line":230,"column":null}},"line":228},"32":{"name":"(anonymous_32)","decl":{"start":{"line":232,"column":10},"end":{"line":232,"column":31}},"loc":{"start":{"line":232,"column":70},"end":{"line":234,"column":null}},"line":232},"33":{"name":"(anonymous_33)","decl":{"start":{"line":236,"column":10},"end":{"line":236,"column":31}},"loc":{"start":{"line":236,"column":94},"end":{"line":238,"column":null}},"line":236},"34":{"name":"(anonymous_34)","decl":{"start":{"line":241,"column":10},"end":{"line":241,"column":19}},"loc":{"start":{"line":241,"column":53},"end":{"line":243,"column":null}},"line":241},"35":{"name":"(anonymous_35)","decl":{"start":{"line":245,"column":10},"end":{"line":245,"column":21}},"loc":{"start":{"line":245,"column":55},"end":{"line":247,"column":null}},"line":245},"36":{"name":"(anonymous_36)","decl":{"start":{"line":249,"column":10},"end":{"line":249,"column":22}},"loc":{"start":{"line":249,"column":56},"end":{"line":251,"column":null}},"line":249},"37":{"name":"(anonymous_37)","decl":{"start":{"line":253,"column":10},"end":{"line":253,"column":23}},"loc":{"start":{"line":253,"column":58},"end":{"line":255,"column":null}},"line":253},"38":{"name":"(anonymous_38)","decl":{"start":{"line":257,"column":10},"end":{"line":257,"column":22}},"loc":{"start":{"line":257,"column":56},"end":{"line":259,"column":null}},"line":257},"39":{"name":"(anonymous_39)","decl":{"start":{"line":261,"column":10},"end":{"line":261,"column":30}},"loc":{"start":{"line":261,"column":64},"end":{"line":263,"column":null}},"line":261},"40":{"name":"(anonymous_40)","decl":{"start":{"line":266,"column":10},"end":{"line":266,"column":41}},"loc":{"start":{"line":266,"column":41},"end":{"line":268,"column":null}},"line":266},"41":{"name":"(anonymous_41)","decl":{"start":{"line":270,"column":10},"end":{"line":270,"column":23}},"loc":{"start":{"line":270,"column":58},"end":{"line":272,"column":null}},"line":270}},"branchMap":{"0":{"loc":{"start":{"line":141,"column":59},"end":{"line":141,"column":90}},"type":"cond-expr","locations":[{"start":{"line":141,"column":68},"end":{"line":141,"column":81}},{"start":{"line":141,"column":81},"end":{"line":141,"column":90}}],"line":141},"1":{"loc":{"start":{"line":157,"column":68},"end":{"line":157,"column":115}},"type":"cond-expr","locations":[{"start":{"line":157,"column":85},"end":{"line":157,"column":106}},{"start":{"line":157,"column":106},"end":{"line":157,"column":115}}],"line":157}},"s":{"0":42,"1":1,"2":1,"3":1,"4":1,"5":1,"6":1,"7":1,"8":1,"9":1,"10":1,"11":1,"12":1,"13":1,"14":1,"15":1,"16":1,"17":1,"18":1,"19":1,"20":1,"21":1,"22":1,"23":1,"24":1,"25":1,"26":1,"27":1,"28":1,"29":1,"30":1,"31":1,"32":1,"33":1,"34":1,"35":1,"36":1,"37":1,"38":1,"39":1,"40":1,"41":1},"f":{"0":42,"1":2,"2":1,"3":1,"4":1,"5":1,"6":1,"7":1,"8":1,"9":1,"10":1,"11":1,"12":1,"13":1,"14":1,"15":1,"16":1,"17":1,"18":1,"19":1,"20":1,"21":1,"22":1,"23":1,"24":1,"25":1,"26":1,"27":1,"28":1,"29":1,"30":1,"31":1,"32":1,"33":1,"34":1,"35":1,"36":1,"37":1,"38":1,"39":1,"40":1,"41":1},"b":{"0":[1,0],"1":[1,0]},"meta":{"lastBranch":2,"lastFunction":42,"lastStatement":42,"seen":{"f:98:4:98:16":0,"s:99:8:99:Infinity":0,"f:103:17:103:23":1,"s:104:8:104:Infinity":1,"f:107:10:107:34":2,"s:108:8:108:Infinity":2,"f:112:10:112:18":3,"s:113:8:113:Infinity":3,"f:116:10:116:22":4,"s:117:8:117:Infinity":4,"f:120:10:120:21":5,"s:121:8:121:Infinity":5,"f:124:10:124:20":6,"s:125:8:125:Infinity":6,"f:128:10:128:21":7,"s:129:8:129:Infinity":7,"f:132:10:132:25":8,"s:133:8:133:Infinity":8,"f:136:10:136:25":9,"s:137:8:137:Infinity":9,"f:140:10:140:21":10,"s:141:8:141:Infinity":10,"b:141:68:141:81:141:81:141:90":0,"f:144:10:144:21":11,"s:145:8:145:Infinity":11,"f:148:10:148:25":12,"s:149:8:149:Infinity":12,"f:152:10:152:23":13,"s:153:8:153:Infinity":13,"f:156:10:156:25":14,"s:157:8:157:Infinity":14,"b:157:85:157:106:157:106:157:115":1,"f:161:10:161:27":15,"s:162:8:162:Infinity":15,"f:165:10:165:22":16,"s:166:8:166:Infinity":16,"f:169:10:169:29":17,"s:170:8:170:Infinity":17,"f:174:10:174:20":18,"s:175:8:175:Infinity":18,"f:178:10:178:23":19,"s:179:8:179:Infinity":19,"f:182:10:182:22":20,"s:183:8:183:Infinity":20,"f:186:10:186:23":21,"s:187:8:187:Infinity":21,"f:190:10:190:30":22,"s:191:8:191:Infinity":22,"f:195:10:195:23":23,"s:196:8:196:Infinity":23,"f:199:10:199:26":24,"s:200:8:200:Infinity":24,"f:203:10:203:25":25,"s:204:8:204:Infinity":25,"f:207:10:207:26":26,"s:208:8:208:Infinity":26,"f:212:10:212:29":27,"s:213:8:213:Infinity":27,"f:216:10:216:24":28,"s:217:8:217:Infinity":28,"f:220:10:220:27":29,"s:221:8:221:Infinity":29,"f:224:10:224:26":30,"s:225:8:225:Infinity":30,"f:228:10:228:27":31,"s:229:8:229:Infinity":31,"f:232:10:232:31":32,"s:233:8:233:Infinity":32,"f:236:10:236:31":33,"s:237:8:237:Infinity":33,"f:241:10:241:19":34,"s:242:8:242:Infinity":34,"f:245:10:245:21":35,"s:246:8:246:Infinity":35,"f:249:10:249:22":36,"s:250:8:250:Infinity":36,"f:253:10:253:23":37,"s:254:8:254:Infinity":37,"f:257:10:257:22":38,"s:258:8:258:Infinity":38,"f:261:10:261:30":39,"s:262:8:262:Infinity":39,"f:266:10:266:41":40,"s:267:8:267:Infinity":40,"f:270:10:270:23":41,"s:271:8:271:Infinity":41}}}
,"/root/repos/triliumnext-cli/src/commands/attachments.ts": {"path":"/root/repos/triliumnext-cli/src/commands/attachments.ts","statementMap":{"0":{"start":{"line":9,"column":4},"end":{"line":256,"column":null}},"1":{"start":{"line":14,"column":16},"end":{"line":18,"column":null}},"2":{"start":{"line":20,"column":16},"end":{"line":26,"column":null}},"3":{"start":{"line":21,"column":26},"end":{"line":21,"column":null}},"4":{"start":{"line":22,"column":35},"end":{"line":22,"column":null}},"5":{"start":{"line":23,"column":20},"end":{"line":23,"column":null}},"6":{"start":{"line":25,"column":20},"end":{"line":25,"column":null}},"7":{"start":{"line":33,"column":16},"end":{"line":37,"column":null}},"8":{"start":{"line":39,"column":16},"end":{"line":45,"column":null}},"9":{"start":{"line":40,"column":26},"end":{"line":40,"column":null}},"10":{"start":{"line":41,"column":35},"end":{"line":41,"column":null}},"11":{"start":{"line":42,"column":20},"end":{"line":42,"column":null}},"12":{"start":{"line":44,"column":20},"end":{"line":44,"column":null}},"13":{"start":{"line":52,"column":16},"end":{"line":90,"column":null}},"14":{"start":{"line":86,"column":24},"end":{"line":88,"column":null}},"15":{"start":{"line":87,"column":28},"end":{"line":87,"column":null}},"16":{"start":{"line":89,"column":24},"end":{"line":89,"column":null}},"17":{"start":{"line":92,"column":16},"end":{"line":119,"column":null}},"18":{"start":{"line":94,"column":20},"end":{"line":105,"column":null}},"19":{"start":{"line":95,"column":24},"end":{"line":95,"column":null}},"20":{"start":{"line":96,"column":20},"end":{"line":105,"column":null}},"21":{"start":{"line":97,"column":24},"end":{"line":97,"column":null}},"22":{"start":{"line":99,"column":42},"end":{"line":99,"column":null}},"23":{"start":{"line":100,"column":24},"end":{"line":104,"column":null}},"24":{"start":{"line":101,"column":28},"end":{"line":101,"column":null}},"25":{"start":{"line":103,"column":28},"end":{"line":103,"column":null}},"26":{"start":{"line":107,"column":26},"end":{"line":107,"column":null}},"27":{"start":{"line":108,"column":35},"end":{"line":115,"column":null}},"28":{"start":{"line":116,"column":20},"end":{"line":116,"column":null}},"29":{"start":{"line":118,"column":20},"end":{"line":118,"column":null}},"30":{"start":{"line":126,"column":16},"end":{"line":147,"column":null}},"31":{"start":{"line":149,"column":16},"end":{"line":161,"column":null}},"32":{"start":{"line":150,"column":68},"end":{"line":150,"column":null}},"33":{"start":{"line":151,"column":20},"end":{"line":151,"column":null}},"34":{"start":{"line":151,"column":43},"end":{"line":151,"column":null}},"35":{"start":{"line":152,"column":20},"end":{"line":152,"column":null}},"36":{"start":{"line":152,"column":43},"end":{"line":152,"column":null}},"37":{"start":{"line":153,"column":20},"end":{"line":153,"column":null}},"38":{"start":{"line":153,"column":44},"end":{"line":153,"column":null}},"39":{"start":{"line":154,"column":20},"end":{"line":154,"column":null}},"40":{"start":{"line":154,"column":47},"end":{"line":154,"column":null}},"41":{"start":{"line":156,"column":26},"end":{"line":156,"column":null}},"42":{"start":{"line":157,"column":35},"end":{"line":157,"column":null}},"43":{"start":{"line":158,"column":20},"end":{"line":158,"column":null}},"44":{"start":{"line":160,"column":20},"end":{"line":160,"column":null}},"45":{"start":{"line":168,"column":16},"end":{"line":172,"column":null}},"46":{"start":{"line":174,"column":16},"end":{"line":180,"column":null}},"47":{"start":{"line":175,"column":26},"end":{"line":175,"column":null}},"48":{"start":{"line":176,"column":20},"end":{"line":176,"column":null}},"49":{"start":{"line":177,"column":20},"end":{"line":177,"column":null}},"50":{"start":{"line":179,"column":20},"end":{"line":179,"column":null}},"51":{"start":{"line":187,"column":16},"end":{"line":197,"column":null}},"52":{"start":{"line":199,"column":16},"end":{"line":205,"column":null}},"53":{"start":{"line":200,"column":26},"end":{"line":200,"column":null}},"54":{"start":{"line":201,"column":33},"end":{"line":201,"column":null}},"55":{"start":{"line":202,"column":20},"end":{"line":202,"column":null}},"56":{"start":{"line":204,"column":20},"end":{"line":204,"column":null}},"57":{"start":{"line":212,"column":16},"end":{"line":231,"column":null}},"58":{"start":{"line":227,"column":24},"end":{"line":229,"column":null}},"59":{"start":{"line":228,"column":28},"end":{"line":228,"column":null}},"60":{"start":{"line":230,"column":24},"end":{"line":230,"column":null}},"61":{"start":{"line":233,"column":16},"end":{"line":253,"column":null}},"62":{"start":{"line":235,"column":20},"end":{"line":246,"column":null}},"63":{"start":{"line":236,"column":24},"end":{"line":236,"column":null}},"64":{"start":{"line":237,"column":20},"end":{"line":246,"column":null}},"65":{"start":{"line":238,"column":24},"end":{"line":238,"column":null}},"66":{"start":{"line":240,"column":42},"end":{"line":240,"column":null}},"67":{"start":{"line":241,"column":24},"end":{"line":245,"column":null}},"68":{"start":{"line":242,"column":28},"end":{"line":242,"column":null}},"69":{"start":{"line":244,"column":28},"end":{"line":244,"column":null}},"70":{"start":{"line":248,"column":26},"end":{"line":248,"column":null}},"71":{"start":{"line":249,"column":20},"end":{"line":249,"column":null}},"72":{"start":{"line":250,"column":20},"end":{"line":250,"column":null}},"73":{"start":{"line":252,"column":20},"end":{"line":252,"column":null}}},"fnMap":{"0":{"name":"registerAttachmentsCommands","decl":{"start":{"line":8,"column":16},"end":{"line":8,"column":44}},"loc":{"start":{"line":8,"column":57},"end":{"line":257,"column":null}},"line":8},"1":{"name":"(anonymous_1)","decl":{"start":{"line":13,"column":12},"end":{"line":13,"column":13}},"loc":{"start":{"line":14,"column":16},"end":{"line":18,"column":null}},"line":14},"2":{"name":"(anonymous_2)","decl":{"start":{"line":19,"column":12},"end":{"line":19,"column":19}},"loc":{"start":{"line":19,"column":28},"end":{"line":27,"column":null}},"line":19},"3":{"name":"(anonymous_3)","decl":{"start":{"line":32,"column":12},"end":{"line":32,"column":13}},"loc":{"start":{"line":33,"column":16},"end":{"line":37,"column":null}},"line":33},"4":{"name":"(anonymous_4)","decl":{"start":{"line":38,"column":12},"end":{"line":38,"column":19}},"loc":{"start":{"line":38,"column":28},"end":{"line":46,"column":null}},"line":38},"5":{"name":"(anonymous_5)","decl":{"start":{"line":51,"column":12},"end":{"line":51,"column":13}},"loc":{"start":{"line":52,"column":16},"end":{"line":90,"column":null}},"line":52},"6":{"name":"(anonymous_6)","decl":{"start":{"line":85,"column":27},"end":{"line":85,"column":28}},"loc":{"start":{"line":85,"column":34},"end":{"line":90,"column":21}},"line":85},"7":{"name":"(anonymous_7)","decl":{"start":{"line":91,"column":12},"end":{"line":91,"column":19}},"loc":{"start":{"line":91,"column":28},"end":{"line":120,"column":null}},"line":91},"8":{"name":"(anonymous_8)","decl":{"start":{"line":125,"column":12},"end":{"line":125,"column":13}},"loc":{"start":{"line":126,"column":16},"end":{"line":147,"column":null}},"line":126},"9":{"name":"(anonymous_9)","decl":{"start":{"line":148,"column":12},"end":{"line":148,"column":19}},"loc":{"start":{"line":148,"column":28},"end":{"line":162,"column":null}},"line":148},"10":{"name":"(anonymous_10)","decl":{"start":{"line":167,"column":12},"end":{"line":167,"column":13}},"loc":{"start":{"line":168,"column":16},"end":{"line":172,"column":null}},"line":168},"11":{"name":"(anonymous_11)","decl":{"start":{"line":173,"column":12},"end":{"line":173,"column":19}},"loc":{"start":{"line":173,"column":28},"end":{"line":181,"column":null}},"line":173},"12":{"name":"(anonymous_12)","decl":{"start":{"line":186,"column":12},"end":{"line":186,"column":13}},"loc":{"start":{"line":187,"column":16},"end":{"line":197,"column":null}},"line":187},"13":{"name":"(anonymous_13)","decl":{"start":{"line":198,"column":12},"end":{"line":198,"column":19}},"loc":{"start":{"line":198,"column":28},"end":{"line":206,"column":null}},"line":198},"14":{"name":"(anonymous_14)","decl":{"start":{"line":211,"column":12},"end":{"line":211,"column":13}},"loc":{"start":{"line":212,"column":16},"end":{"line":231,"column":null}},"line":212},"15":{"name":"(anonymous_15)","decl":{"start":{"line":226,"column":27},"end":{"line":226,"column":28}},"loc":{"start":{"line":226,"column":34},"end":{"line":231,"column":21}},"line":226},"16":{"name":"(anonymous_16)","decl":{"start":{"line":232,"column":12},"end":{"line":232,"column":19}},"loc":{"start":{"line":232,"column":28},"end":{"line":254,"column":null}},"line":232}},"branchMap":{"0":{"loc":{"start":{"line":23,"column":34},"end":{"line":23,"column":74}},"type":"binary-expr","locations":[{"start":{"line":23,"column":34},"end":{"line":23,"column":49}},{"start":{"line":23,"column":49},"end":{"line":23,"column":74}}],"line":23},"1":{"loc":{"start":{"line":42,"column":34},"end":{"line":42,"column":74}},"type":"binary-expr","locations":[{"start":{"line":42,"column":34},"end":{"line":42,"column":49}},{"start":{"line":42,"column":49},"end":{"line":42,"column":74}}],"line":42},"2":{"loc":{"start":{"line":86,"column":24},"end":{"line":88,"column":null}},"type":"if","locations":[{"start":{"line":86,"column":24},"end":{"line":88,"column":null}},{"start":{},"end":{}}],"line":86},"3":{"loc":{"start":{"line":86,"column":28},"end":{"line":86,"column":49}},"type":"binary-expr","locations":[{"start":{"line":86,"column":28},"end":{"line":86,"column":41}},{"start":{"line":86,"column":41},"end":{"line":86,"column":49}}],"line":86},"4":{"loc":{"start":{"line":94,"column":20},"end":{"line":105,"column":null}},"type":"if","locations":[{"start":{"line":94,"column":20},"end":{"line":105,"column":null}},{"start":{"line":96,"column":20},"end":{"line":105,"column":null}}],"line":94},"5":{"loc":{"start":{"line":96,"column":20},"end":{"line":105,"column":null}},"type":"if","locations":[{"start":{"line":96,"column":20},"end":{"line":105,"column":null}},{"start":{"line":98,"column":27},"end":{"line":105,"column":null}}],"line":96},"6":{"loc":{"start":{"line":100,"column":24},"end":{"line":104,"column":null}},"type":"if","locations":[{"start":{"line":100,"column":24},"end":{"line":104,"column":null}},{"start":{"line":102,"column":31},"end":{"line":104,"column":null}}],"line":100},"7":{"loc":{"start":{"line":114,"column":28},"end":{"line":114,"column":null}},"type":"cond-expr","locations":[{"start":{"line":114,"column":52},"end":{"line":114,"column":92}},{"start":{"line":114,"column":92},"end":{"line":114,"column":null}}],"line":114},"8":{"loc":{"start":{"line":116,"column":34},"end":{"line":116,"column":74}},"type":"binary-expr","locations":[{"start":{"line":116,"column":34},"end":{"line":116,"column":49}},{"start":{"line":116,"column":49},"end":{"line":116,"column":74}}],"line":116},"9":{"loc":{"start":{"line":151,"column":20},"end":{"line":151,"column":null}},"type":"if","locations":[{"start":{"line":151,"column":20},"end":{"line":151,"column":null}},{"start":{},"end":{}}],"line":151},"10":{"loc":{"start":{"line":152,"column":20},"end":{"line":152,"column":null}},"type":"if","locations":[{"start":{"line":152,"column":20},"end":{"line":152,"column":null}},{"start":{},"end":{}}],"line":152},"11":{"loc":{"start":{"line":153,"column":20},"end":{"line":153,"column":null}},"type":"if","locations":[{"start":{"line":153,"column":20},"end":{"line":153,"column":null}},{"start":{},"end":{}}],"line":153},"12":{"loc":{"start":{"line":154,"column":20},"end":{"line":154,"column":null}},"type":"if","locations":[{"start":{"line":154,"column":20},"end":{"line":154,"column":null}},{"start":{},"end":{}}],"line":154},"13":{"loc":{"start":{"line":158,"column":34},"end":{"line":158,"column":74}},"type":"binary-expr","locations":[{"start":{"line":158,"column":34},"end":{"line":158,"column":49}},{"start":{"line":158,"column":49},"end":{"line":158,"column":74}}],"line":158},"14":{"loc":{"start":{"line":177,"column":34},"end":{"line":177,"column":74}},"type":"binary-expr","locations":[{"start":{"line":177,"column":34},"end":{"line":177,"column":49}},{"start":{"line":177,"column":49},"end":{"line":177,"column":74}}],"line":177},"15":{"loc":{"start":{"line":227,"column":24},"end":{"line":229,"column":null}},"type":"if","locations":[{"start":{"line":227,"column":24},"end":{"line":229,"column":null}},{"start":{},"end":{}}],"line":227},"16":{"loc":{"start":{"line":227,"column":28},"end":{"line":227,"column":49}},"type":"binary-expr","locations":[{"start":{"line":227,"column":28},"end":{"line":227,"column":41}},{"start":{"line":227,"column":41},"end":{"line":227,"column":49}}],"line":227},"17":{"loc":{"start":{"line":235,"column":20},"end":{"line":246,"column":null}},"type":"if","locations":[{"start":{"line":235,"column":20},"end":{"line":246,"column":null}},{"start":{"line":237,"column":20},"end":{"line":246,"column":null}}],"line":235},"18":{"loc":{"start":{"line":237,"column":20},"end":{"line":246,"column":null}},"type":"if","locations":[{"start":{"line":237,"column":20},"end":{"line":246,"column":null}},{"start":{"line":239,"column":27},"end":{"line":246,"column":null}}],"line":237},"19":{"loc":{"start":{"line":241,"column":24},"end":{"line":245,"column":null}},"type":"if","locations":[{"start":{"line":241,"column":24},"end":{"line":245,"column":null}},{"start":{"line":243,"column":31},"end":{"line":245,"column":null}}],"line":241},"20":{"loc":{"start":{"line":250,"column":34},"end":{"line":250,"column":74}},"type":"binary-expr","locations":[{"start":{"line":250,"column":34},"end":{"line":250,"column":49}},{"start":{"line":250,"column":49},"end":{"line":250,"column":74}}],"line":250}},"s":{"0":8,"1":0,"2":1,"3":1,"4":1,"5":1,"6":0,"7":0,"8":2,"9":2,"10":2,"11":1,"12":1,"13":0,"14":0,"15":0,"16":0,"17":1,"18":1,"19":0,"20":1,"21":1,"22":0,"23":0,"24":0,"25":0,"26":1,"27":1,"28":1,"29":0,"30":0,"31":1,"32":1,"33":1,"34":0,"35":1,"36":0,"37":1,"38":1,"39":1,"40":0,"41":1,"42":1,"43":1,"44":0,"45":0,"46":1,"47":1,"48":1,"49":1,"50":0,"51":0,"52":1,"53":1,"54":1,"55":1,"56":0,"57":0,"58":0,"59":0,"60":0,"61":1,"62":1,"63":0,"64":1,"65":1,"66":0,"67":0,"68":0,"69":0,"70":1,"71":1,"72":1,"73":0},"f":{"0":8,"1":0,"2":1,"3":0,"4":2,"5":0,"6":0,"7":1,"8":0,"9":1,"10":0,"11":1,"12":0,"13":1,"14":0,"15":0,"16":1},"b":{"0":[1,0],"1":[1,0],"2":[0,0],"3":[0,0],"4":[0,1],"5":[1,0],"6":[0,0],"7":[0,1],"8":[1,0],"9":[0,1],"10":[0,1],"11":[1,0],"12":[0,1],"13":[1,0],"14":[1,0],"15":[0,0],"16":[0,0],"17":[0,1],"18":[1,0],"19":[0,0],"20":[1,0]},"meta":{"lastBranch":21,"lastFunction":17,"lastStatement":74,"seen":{"f:8:16:8:44":0,"s:9:4:256:Infinity":0,"f:13:12:13:13":1,"s:14:16:18:Infinity":1,"f:19:12:19:19":2,"s:20:16:26:Infinity":2,"s:21:26:21:Infinity":3,"s:22:35:22:Infinity":4,"s:23:20:23:Infinity":5,"b:23:34:23:49:23:49:23:74":0,"s:25:20:25:Infinity":6,"f:32:12:32:13":3,"s:33:16:37:Infinity":7,"f:38:12:38:19":4,"s:39:16:45:Infinity":8,"s:40:26:40:Infinity":9,"s:41:35:41:Infinity":10,"s:42:20:42:Infinity":11,"b:42:34:42:49:42:49:42:74":1,"s:44:20:44:Infinity":12,"f:51:12:51:13":5,"s:52:16:90:Infinity":13,"f:85:27:85:28":6,"b:86:24:88:Infinity:undefined:undefined:undefined:undefined":2,"s:86:24:88:Infinity":14,"b:86:28:86:41:86:41:86:49":3,"s:87:28:87:Infinity":15,"s:89:24:89:Infinity":16,"f:91:12:91:19":7,"s:92:16:119:Infinity":17,"b:94:20:105:Infinity:96:20:105:Infinity":4,"s:94:20:105:Infinity":18,"s:95:24:95:Infinity":19,"b:96:20:105:Infinity:98:27:105:Infinity":5,"s:96:20:105:Infinity":20,"s:97:24:97:Infinity":21,"s:99:42:99:Infinity":22,"b:100:24:104:Infinity:102:31:104:Infinity":6,"s:100:24:104:Infinity":23,"s:101:28:101:Infinity":24,"s:103:28:103:Infinity":25,"s:107:26:107:Infinity":26,"s:108:35:115:Infinity":27,"b:114:52:114:92:114:92:114:Infinity":7,"s:116:20:116:Infinity":28,"b:116:34:116:49:116:49:116:74":8,"s:118:20:118:Infinity":29,"f:125:12:125:13":8,"s:126:16:147:Infinity":30,"f:148:12:148:19":9,"s:149:16:161:Infinity":31,"s:150:68:150:Infinity":32,"b:151:20:151:Infinity:undefined:undefined:undefined:undefined":9,"s:151:20:151:Infinity":33,"s:151:43:151:Infinity":34,"b:152:20:152:Infinity:undefined:undefined:undefined:undefined":10,"s:152:20:152:Infinity":35,"s:152:43:152:Infinity":36,"b:153:20:153:Infinity:undefined:undefined:undefined:undefined":11,"s:153:20:153:Infinity":37,"s:153:44:153:Infinity":38,"b:154:20:154:Infinity:undefined:undefined:undefined:undefined":12,"s:154:20:154:Infinity":39,"s:154:47:154:Infinity":40,"s:156:26:156:Infinity":41,"s:157:35:157:Infinity":42,"s:158:20:158:Infinity":43,"b:158:34:158:49:158:49:158:74":13,"s:160:20:160:Infinity":44,"f:167:12:167:13":10,"s:168:16:172:Infinity":45,"f:173:12:173:19":11,"s:174:16:180:Infinity":46,"s:175:26:175:Infinity":47,"s:176:20:176:Infinity":48,"s:177:20:177:Infinity":49,"b:177:34:177:49:177:49:177:74":14,"s:179:20:179:Infinity":50,"f:186:12:186:13":12,"s:187:16:197:Infinity":51,"f:198:12:198:19":13,"s:199:16:205:Infinity":52,"s:200:26:200:Infinity":53,"s:201:33:201:Infinity":54,"s:202:20:202:Infinity":55,"s:204:20:204:Infinity":56,"f:211:12:211:13":14,"s:212:16:231:Infinity":57,"f:226:27:226:28":15,"b:227:24:229:Infinity:undefined:undefined:undefined:undefined":15,"s:227:24:229:Infinity":58,"b:227:28:227:41:227:41:227:49":16,"s:228:28:228:Infinity":59,"s:230:24:230:Infinity":60,"f:232:12:232:19":16,"s:233:16:253:Infinity":61,"b:235:20:246:Infinity:237:20:246:Infinity":17,"s:235:20:246:Infinity":62,"s:236:24:236:Infinity":63,"b:237:20:246:Infinity:239:27:246:Infinity":18,"s:237:20:246:Infinity":64,"s:238:24:238:Infinity":65,"s:240:42:240:Infinity":66,"b:241:24:245:Infinity:243:31:245:Infinity":19,"s:241:24:245:Infinity":67,"s:242:28:242:Infinity":68,"s:244:28:244:Infinity":69,"s:248:26:248:Infinity":70,"s:249:20:249:Infinity":71,"s:250:20:250:Infinity":72,"b:250:34:250:49:250:49:250:74":20,"s:252:20:252:Infinity":73}}}
[...]
nonymous_13)","decl":{"start":{"line":267,"column":12},"end":{"line":267,"column":19}},"loc":{"start":{"line":267,"column":28},"end":{"line":275,"column":null}},"line":267},"14":{"name":"(anonymous_14)","decl":{"start":{"line":282,"column":12},"end":{"line":282,"column":13}},"loc":{"start":{"line":283,"column":16},"end":{"line":302,"column":null}},"line":283},"15":{"name":"(anonymous_15)","decl":{"start":{"line":297,"column":27},"end":{"line":297,"column":28}},"loc":{"start":{"line":297,"column":34},"end":{"line":302,"column":21}},"line":297},"16":{"name":"(anonymous_16)","decl":{"start":{"line":303,"column":12},"end":{"line":303,"column":19}},"loc":{"start":{"line":303,"column":28},"end":{"line":325,"column":null}},"line":303},"17":{"name":"(anonymous_17)","decl":{"start":{"line":332,"column":12},"end":{"line":332,"column":13}},"loc":{"start":{"line":333,"column":16},"end":{"line":348,"column":null}},"line":333},"18":{"name":"(anonymous_18)","decl":{"start":{"line":349,"column":12},"end":{"line":349,"column":19}},"loc":{"start":{"line":349,"column":28},"end":{"line":360,"column":null}},"line":349},"19":{"name":"(anonymous_19)","decl":{"start":{"line":367,"column":12},"end":{"line":367,"column":13}},"loc":{"start":{"line":368,"column":16},"end":{"line":378,"column":null}},"line":368},"20":{"name":"(anonymous_20)","decl":{"start":{"line":379,"column":12},"end":{"line":379,"column":19}},"loc":{"start":{"line":379,"column":28},"end":{"line":388,"column":null}},"line":379},"21":{"name":"(anonymous_21)","decl":{"start":{"line":395,"column":12},"end":{"line":395,"column":13}},"loc":{"start":{"line":396,"column":16},"end":{"line":400,"column":null}},"line":396},"22":{"name":"(anonymous_22)","decl":{"start":{"line":401,"column":12},"end":{"line":401,"column":19}},"loc":{"start":{"line":401,"column":28},"end":{"line":409,"column":null}},"line":401},"23":{"name":"(anonymous_23)","decl":{"start":{"line":416,"column":12},"end":{"line":416,"column":13}},"loc":{"start":{"line":417,"column":16},"end":{"line":421,"column":null}},"line":417},"24":{"name":"(anonymous_24)","decl":{"start":{"line":422,"column":12},"end":{"line":422,"column":19}},"loc":{"start":{"line":422,"column":28},"end":{"line":430,"column":null}},"line":422},"25":{"name":"(anonymous_25)","decl":{"start":{"line":437,"column":12},"end":{"line":437,"column":13}},"loc":{"start":{"line":438,"column":16},"end":{"line":441,"column":null}},"line":438},"26":{"name":"(anonymous_26)","decl":{"start":{"line":442,"column":12},"end":{"line":442,"column":19}},"loc":{"start":{"line":442,"column":28},"end":{"line":450,"column":null}},"line":442}},"branchMap":{"0":{"loc":{"start":{"line":24,"column":34},"end":{"line":24,"column":74}},"type":"binary-expr","locations":[{"start":{"line":24,"column":34},"end":{"line":24,"column":49}},{"start":{"line":24,"column":49},"end":{"line":24,"column":74}}],"line":24},"1":{"loc":{"start":{"line":89,"column":34},"end":{"line":89,"column":74}},"type":"binary-expr","locations":[{"start":{"line":89,"column":34},"end":{"line":89,"column":49}},{"start":{"line":89,"column":49},"end":{"line":89,"column":74}}],"line":89},"2":{"loc":{"start":{"line":154,"column":24},"end":{"line":156,"column":null}},"type":"if","locations":[{"start":{"line":154,"column":24},"end":{"line":156,"column":null}},{"start":{},"end":{}}],"line":154},"3":{"loc":{"start":{"line":154,"column":28},"end":{"line":154,"column":49}},"type":"binary-expr","locations":[{"start":{"line":154,"column":28},"end":{"line":154,"column":41}},{"start":{"line":154,"column":41},"end":{"line":154,"column":49}}],"line":154},"4":{"loc":{"start":{"line":162,"column":20},"end":{"line":169,"column":null}},"type":"if","locations":[{"start":{"line":162,"column":20},"end":{"line":169,"column":null}},{"start":{"line":164,"column":20},"end":{"line":169,"column":null}}],"line":162},"5":{"loc":{"start":{"line":164,"column":20},"end":{"line":169,"column":null}},"type":"if","locations":[{"start":{"line":164,"column":20},"end":{"line":169,"column":null}},{"start":{"line":166,"column":27},"end":{"line":169,"column":null}}],"line":164},"6":{"loc":{"start":{"line":168,"column":38},"end":{"line":168,"column":null}},"type":"cond-expr","locations":[{"start":{"line":168,"column":59},"end":{"line":168,"column":89}},{"start":{"line":168,"column":89},"end":{"line":168,"column":null}}],"line":168},"7":{"loc":{"start":{"line":185,"column":34},"end":{"line":185,"column":74}},"type":"binary-expr","locations":[{"start":{"line":185,"column":34},"end":{"line":185,"column":49}},{"start":{"line":185,"column":49},"end":{"line":185,"column":74}}],"line":185},"8":{"loc":{"start":{"line":223,"column":34},"end":{"line":223,"column":74}},"type":"binary-expr","locations":[{"start":{"line":223,"column":34},"end":{"line":223,"column":49}},{"start":{"line":223,"column":49},"end":{"line":223,"column":74}}],"line":223},"9":{"loc":{"start":{"line":244,"column":34},"end":{"line":244,"column":74}},"type":"binary-expr","locations":[{"start":{"line":244,"column":34},"end":{"line":244,"column":49}},{"start":{"line":244,"column":49},"end":{"line":244,"column":74}}],"line":244},"10":{"loc":{"start":{"line":298,"column":24},"end":{"line":300,"column":null}},"type":"if","locations":[{"start":{"line":298,"column":24},"end":{"line":300,"column":null}},{"start":{},"end":{}}],"line":298},"11":{"loc":{"start":{"line":298,"column":28},"end":{"line":298,"column":49}},"type":"binary-expr","locations":[{"start":{"line":298,"column":28},"end":{"line":298,"column":41}},{"start":{"line":298,"column":41},"end":{"line":298,"column":49}}],"line":298},"12":{"loc":{"start":{"line":306,"column":20},"end":{"line":317,"column":null}},"type":"if","locations":[{"start":{"line":306,"column":20},"end":{"line":317,"column":null}},{"start":{"line":308,"column":20},"end":{"line":317,"column":null}}],"line":306},"13":{"loc":{"start":{"line":308,"column":20},"end":{"line":317,"column":null}},"type":"if","locations":[{"start":{"line":308,"column":20},"end":{"line":317,"column":null}},{"start":{"line":310,"column":27},"end":{"line":317,"column":null}}],"line":308},"14":{"loc":{"start":{"line":312,"column":24},"end":{"line":316,"column":null}},"type":"if","locations":[{"start":{"line":312,"column":24},"end":{"line":316,"column":null}},{"start":{"line":314,"column":31},"end":{"line":316,"column":null}}],"line":312},"15":{"loc":{"start":{"line":321,"column":34},"end":{"line":321,"column":74}},"type":"binary-expr","locations":[{"start":{"line":321,"column":34},"end":{"line":321,"column":49}},{"start":{"line":321,"column":49},"end":{"line":321,"column":74}}],"line":321},"16":{"loc":{"start":{"line":384,"column":34},"end":{"line":384,"column":74}},"type":"binary-expr","locations":[{"start":{"line":384,"column":34},"end":{"line":384,"column":49}},{"start":{"line":384,"column":49},"end":{"line":384,"column":74}}],"line":384},"17":{"loc":{"start":{"line":405,"column":34},"end":{"line":405,"column":74}},"type":"binary-expr","locations":[{"start":{"line":405,"column":34},"end":{"line":405,"column":49}},{"start":{"line":405,"column":49},"end":{"line":405,"column":74}}],"line":405},"18":{"loc":{"start":{"line":426,"column":34},"end":{"line":426,"column":74}},"type":"binary-expr","locations":[{"start":{"line":426,"column":34},"end":{"line":426,"column":49}},{"start":{"line":426,"column":49},"end":{"line":426,"column":74}}],"line":426},"19":{"loc":{"start":{"line":446,"column":34},"end":{"line":446,"column":74}},"type":"binary-expr","locations":[{"start":{"line":446,"column":34},"end":{"line":446,"column":49}},{"start":{"line":446,"column":49},"end":{"line":446,"column":74}}],"line":446}},"s":{"0":19,"1":0,"2":2,"3":2,"4":2,"5":1,"6":1,"7":0,"8":2,"9":2,"10":2,"11":2,"12":0,"13":0,"14":0,"15":0,"16":0,"17":2,"18":2,"19":0,"20":2,"21":1,"22":1,"23":1,"24":2,"25":2,"26":2,"27":0,"28":0,"29":1,"30":1,"31":1,"32":1,"33":0,"34":0,"35":1,"36":1,"37":1,"38":1,"39":0,"40":0,"41":2,"42":2,"43":2,"44":2,"45":0,"46":0,"47":0,"48":0,"49":0,"50":2,"51":2,"52":0,"53":2,"54":1,"55":1,"56":1,"57":1,"58":0,"59":2,"60":2,"61":2,"62":0,"63":0,"64":2,"65":2,"66":2,"67":2,"68":0,"69":0,"70":0,"71":0,"72":0,"73":0,"74":0,"75":0,"76":0,"77":1,"78":1,"79":1,"80":1,"81":0,"82":0,"83":1,"84":1,"85":1,"86":1,"87":0,"88":0,"89":2,"90":2,"91":2,"92":2,"93":0},"f":{"0":19,"1":0,"2":2,"3":0,"4":2,"5":0,"6":0,"7":2,"8":0,"9":1,"10":0,"11":1,"12":0,"13":2,"14":0,"15":0,"16":2,"17":0,"18":2,"19":0,"20":0,"21":0,"22":1,"23":0,"24":1,"25":0,"26":2},"b":{"0":[1,0],"1":[2,0],"2":[0,0],"3":[0,0],"4":[0,2],"5":[1,1],"6":[1,0],"7":[2,0],"8":[1,0],"9":[1,0],"10":[0,0],"11":[0,0],"12":[0,2],"13":[1,1],"14":[1,0],"15":[2,0],"16":[0,0],"17":[1,0],"18":[1,0],"19":[2,0]},"meta":{"lastBranch":20,"lastFunction":27,"lastStatement":94,"seen":{"f:8:16:8:38":0,"s:9:4:453:Infinity":0,"f:14:12:14:13":1,"s:15:16:19:Infinity":1,"f:20:12:20:19":2,"s:21:16:27:Infinity":2,"s:22:26:22:Infinity":3,"s:23:35:23:Infinity":4,"s:24:20:24:Infinity":5,"b:24:34:24:49:24:49:24:74":0,"s:26:20:26:Infinity":6,"f:35:12:35:13":3,"s:36:16:74:Infinity":7,"f:75:12:75:19":4,"s:76:16:92:Infinity":8,"s:77:26:77:Infinity":9,"s:78:35:88:Infinity":10,"s:89:20:89:Infinity":11,"b:89:34:89:49:89:49:89:74":1,"s:91:20:91:Infinity":12,"f:100:12:100:13":5,"s:101:16:158:Infinity":13,"f:153:27:153:28":6,"b:154:24:156:Infinity:undefined:undefined:undefined:undefined":2,"s:154:24:156:Infinity":14,"b:154:28:154:41:154:41:154:49":3,"s:155:28:155:Infinity":15,"s:157:24:157:Infinity":16,"f:159:12:159:19":7,"s:160:16:188:Infinity":17,"b:162:20:169:Infinity:164:20:169:Infinity":4,"s:162:20:169:Infinity":18,"s:163:24:163:Infinity":19,"b:164:20:169:Infinity:166:27:169:Infinity":5,"s:164:20:169:Infinity":20,"s:165:24:165:Infinity":21,"s:167:42:167:Infinity":22,"s:168:24:168:Infinity":23,"b:168:59:168:89:168:89:168:Infinity":6,"s:171:26:171:Infinity":24,"s:172:35:184:Infinity":25,"s:185:20:185:Infinity":26,"b:185:34:185:49:185:49:185:74":7,"s:187:20:187:Infinity":27,"f:196:12:196:13":8,"s:197:16:214:Infinity":28,"f:215:12:215:19":9,"s:216:16:226:Infinity":29,"s:217:26:217:Infinity":30,"s:218:35:222:Infinity":31,"s:223:20:223:Infinity":32,"b:223:34:223:49:223:49:223:74":8,"s:225:20:225:Infinity":33,"f:234:12:234:13":10,"s:235:16:239:Infinity":34,"f:240:12:240:19":11,"s:241:16:247:Infinity":35,"s:242:26:242:Infinity":36,"s:243:20:243:Infinity":37,"s:244:20:244:Infinity":38,"b:244:34:244:49:244:49:244:74":9,"s:246:20:246:Infinity":39,"f:255:12:255:13":12,"s:256:16:266:Infinity":40,"f:267:12:267:19":13,"s:268:16:274:Infinity":41,"s:269:26:269:Infinity":42,"s:270:33:270:Infinity":43,"s:271:20:271:Infinity":44,"s:273:20:273:Infinity":45,"f:282:12:282:13":14,"s:283:16:302:Infinity":46,"f:297:27:297:28":15,"b:298:24:300:Infinity:undefined:undefined:undefined:undefined":10,"s:298:24:300:Infinity":47,"b:298:28:298:41:298:41:298:49":11,"s:299:28:299:Infinity":48,"s:301:24:301:Infinity":49,"f:303:12:303:19":16,"s:304:16:324:Infinity":50,"b:306:20:317:Infinity:308:20:317:Infinity":12,"s:306:20:317:Infinity":51,"s:307:24:307:Infinity":52,"b:308:20:317:Infinity:310:27:317:Infinity":13,"s:308:20:317:Infinity":53,"s:309:24:309:Infinity":54,"s:311:42:311:Infinity":55,"b:312:24:316:Infinity:314:31:316:Infinity":14,"s:312:24:316:Infinity":56,"s:313:28:313:Infinity":57,"s:315:28:315:Infinity":58,"s:319:26:319:Infinity":59,"s:320:20:320:Infinity":60,"s:321:20:321:Infinity":61,"b:321:34:321:49:321:49:321:74":15,"s:323:20:323:Infinity":62,"f:332:12:332:13":17,"s:333:16:348:Infinity":63,"f:349:12:349:19":18,"s:350:16:359:Infinity":64,"s:351:26:351:Infinity":65,"s:352:33:355:Infinity":66,"s:356:20:356:Infinity":67,"s:358:20:358:Infinity":68,"f:367:12:367:13":19,"s:368:16:378:Infinity":69,"f:379:12:379:19":20,"s:380:16:387:Infinity":70,"s:381:26:381:Infinity":71,"s:382:26:382:Infinity":72,"s:383:35:383:Infinity":73,"s:384:20:384:Infinity":74,"b:384:34:384:49:384:49:384:74":16,"s:386:20:386:Infinity":75,"f:395:12:395:13":21,"s:396:16:400:Infinity":76,"f:401:12:401:19":22,"s:402:16:408:Infinity":77,"s:403:26:403:Infinity":78,"s:404:20:404:Infinity":79,"s:405:20:405:Infinity":80,"b:405:34:405:49:405:49:405:74":17,"s:407:20:407:Infinity":81,"f:416:12:416:13":23,"s:417:16:421:Infinity":82,"f:422:12:422:19":24,"s:423:16:429:Infinity":83,"s:424:26:424:Infinity":84,"s:425:35:425:Infinity":85,"s:426:20:426:Infinity":86,"b:426:34:426:49:426:49:426:74":18,"s:428:20:428:Infinity":87,"f:437:12:437:13":25,"s:438:16:441:Infinity":88,"f:442:12:442:19":26,"s:443:16:449:Infinity":89,"s:444:26:444:Infinity":90,"s:445:35:445:Infinity":91,"s:446:20:446:Infinity":92,"b:446:34:446:49:446:49:446:74":19,"s:448:20:448:Infinity":93}}}
,"/root/repos/triliumnext-cli/src/commands/revisions.ts": {"path":"/root/repos/triliumnext-cli/src/commands/revisions.ts","statementMap":{"0":{"start":{"line":7,"column":4},"end":{"line":71,"column":null}},"1":{"start":{"line":12,"column":16},"end":{"line":16,"column":null}},"2":{"start":{"line":18,"column":16},"end":{"line":24,"column":null}},"3":{"start":{"line":19,"column":26},"end":{"line":19,"column":null}},"4":{"start":{"line":20,"column":35},"end":{"line":20,"column":null}},"5":{"start":{"line":21,"column":20},"end":{"line":21,"column":null}},"6":{"start":{"line":23,"column":20},"end":{"line":23,"column":null}},"7":{"start":{"line":31,"column":16},"end":{"line":35,"column":null}},"8":{"start":{"line":37,"column":16},"end":{"line":43,"column":null}},"9":{"start":{"line":38,"column":26},"end":{"line":38,"column":null}},"10":{"start":{"line":39,"column":35},"end":{"line":39,"column":null}},"11":{"start":{"line":40,"column":20},"end":{"line":40,"column":null}},"12":{"start":{"line":42,"column":20},"end":{"line":42,"column":null}},"13":{"start":{"line":50,"column":16},"end":{"line":60,"column":null}},"14":{"start":{"line":62,"column":16},"end":{"line":68,"column":null}},"15":{"start":{"line":63,"column":26},"end":{"line":63,"column":null}},"16":{"start":{"line":64,"column":33},"end":{"line":64,"column":null}},"17":{"start":{"line":65,"column":20},"end":{"line":65,"column":null}},"18":{"start":{"line":67,"column":20},"end":{"line":67,"column":null}}},"fnMap":{"0":{"name":"registerRevisionsCommands","decl":{"start":{"line":6,"column":16},"end":{"line":6,"column":42}},"loc":{"start":{"line":6,"column":55},"end":{"line":72,"column":null}},"line":6},"1":{"name":"(anonymous_1)","decl":{"start":{"line":11,"column":12},"end":{"line":11,"column":13}},"loc":{"start":{"line":12,"column":16},"end":{"line":16,"column":null}},"line":12},"2":{"name":"(anonymous_2)","decl":{"start":{"line":17,"column":12},"end":{"line":17,"column":19}},"loc":{"start":{"line":17,"column":28},"end":{"line":25,"column":null}},"line":17},"3":{"name":"(anonymous_3)","decl":{"start":{"line":30,"column":12},"end":{"line":30,"column":13}},"loc":{"start":{"line":31,"column":16},"end":{"line":35,"column":null}},"line":31},"4":{"name":"(anonymous_4)","decl":{"start":{"line":36,"column":12},"end":{"line":36,"column":19}},"loc":{"start":{"line":36,"column":28},"end":{"line":44,"column":null}},"line":36},"5":{"name":"(anonymous_5)","decl":{"start":{"line":49,"column":12},"end":{"line":49,"column":13}},"loc":{"start":{"line":50,"column":16},"end":{"line":60,"column":null}},"line":50},"6":{"name":"(anonymous_6)","decl":{"start":{"line":61,"column":12},"end":{"line":61,"column":19}},"loc":{"start":{"line":61,"column":28},"end":{"line":69,"column":null}},"line":61}},"branchMap":{"0":{"loc":{"start":{"line":21,"column":34},"end":{"line":21,"column":74}},"type":"binary-expr","locations":[{"start":{"line":21,"column":34},"end":{"line":21,"column":49}},{"start":{"line":21,"column":49},"end":{"line":21,"column":74}}],"line":21},"1":{"loc":{"start":{"line":40,"column":34},"end":{"line":40,"column":74}},"type":"binary-expr","locations":[{"start":{"line":40,"column":34},"end":{"line":40,"column":49}},{"start":{"line":40,"column":49},"end":{"line":40,"column":74}}],"line":40}},"s":{"0":11,"1":0,"2":2,"3":2,"4":2,"5":1,"6":1,"7":0,"8":2,"9":2,"10":2,"11":1,"12":1,"13":0,"14":3,"15":3,"16":3,"17":2,"18":1},"f":{"0":11,"1":0,"2":2,"3":0,"4":2,"5":0,"6":3},"b":{"0":[1,0],"1":[1,0]},"meta":{"lastBranch":2,"lastFunction":7,"lastStatement":19,"seen":{"f:6:16:6:42":0,"s:7:4:71:Infinity":0,"f:11:12:11:13":1,"s:12:16:16:Infinity":1,"f:17:12:17:19":2,"s:18:16:24:Infinity":2,"s:19:26:19:Infinity":3,"s:20:35:20:Infinity":4,"s:21:20:21:Infinity":5,"b:21:34:21:49:21:49:21:74":0,"s:23:20:23:Infinity":6,"f:30:12:30:13":3,"s:31:16:35:Infinity":7,"f:36:12:36:19":4,"s:37:16:43:Infinity":8,"s:38:26:38:Infinity":9,"s:39:35:39:Infinity":10,"s:40:20:40:Infinity":11,"b:40:34:40:49:40:49:40:74":1,"s:42:20:42:Infinity":12,"f:49:12:49:13":5,"s:50:16:60:Infinity":13,"f:61:12:61:19":6,"s:62:16:68:Infinity":14,"s:63:26:63:Infinity":15,"s:64:33:64:Infinity":16,"s:65:20:65:Infinity":17,"s:67:20:67:Infinity":18}}}
,"/root/repos/triliumnext-cli/src/commands/system.ts": {"path":"/root/repos/triliumnext-cli/src/commands/system.ts","statementMap":{"0":{"start":{"line":7,"column":4},"end":{"line":41,"column":null}},"1":{"start":{"line":11,"column":19},"end":{"line":11,"column":null}},"2":{"start":{"line":13,"column":16},"end":{"line":19,"column":null}},"3":{"start":{"line":14,"column":26},"end":{"line":14,"column":null}},"4":{"start":{"line":15,"column":35},"end":{"line":15,"column":null}},"5":{"start":{"line":16,"column":20},"end":{"line":16,"column":null}},"6":{"start":{"line":18,"column":20},"end":{"line":18,"column":null}},"7":{"start":{"line":26,"column":16},"end":{"line":30,"column":null}},"8":{"start":{"line":32,"column":16},"end":{"line":38,"column":null}},"9":{"start":{"line":33,"column":26},"end":{"line":33,"column":null}},"10":{"start":{"line":34,"column":20},"end":{"line":34,"column":null}},"11":{"start":{"line":35,"column":20},"end":{"line":35,"column":null}},"12":{"start":{"line":37,"column":20},"end":{"line":37,"column":null}}},"fnMap":{"0":{"name":"registerSystemCommands","decl":{"start":{"line":6,"column":16},"end":{"line":6,"column":39}},"loc":{"start":{"line":6,"column":52},"end":{"line":42,"column":null}},"line":6},"1":{"name":"(anonymous_1)","decl":{"start":{"line":11,"column":12},"end":{"line":11,"column":13}},"loc":{"start":{"line":11,"column":19},"end":{"line":11,"column":null}},"line":11},"2":{"name":"(anonymous_2)","decl":{"start":{"line":12,"column":12},"end":{"line":12,"column":19}},"loc":{"start":{"line":12,"column":28},"end":{"line":20,"column":null}},"line":12},"3":{"name":"(anonymous_3)","decl":{"start":{"line":25,"column":12},"end":{"line":25,"column":13}},"loc":{"start":{"line":26,"column":16},"end":{"line":30,"column":null}},"line":26},"4":{"name":"(anonymous_4)","decl":{"start":{"line":31,"column":12},"end":{"line":31,"column":19}},"loc":{"start":{"line":31,"column":28},"end":{"line":39,"column":null}},"line":31}},"branchMap":{"0":{"loc":{"start":{"line":16,"column":34},"end":{"line":16,"column":74}},"type":"binary-expr","locations":[{"start":{"line":16,"column":34},"end":{"line":16,"column":49}},{"start":{"line":16,"column":49},"end":{"line":16,"column":74}}],"line":16},"1":{"loc":{"start":{"line":35,"column":34},"end":{"line":35,"column":74}},"type":"binary-expr","locations":[{"start":{"line":35,"column":34},"end":{"line":35,"column":49}},{"start":{"line":35,"column":49},"end":{"line":35,"column":74}}],"line":35}},"s":{"0":8,"1":0,"2":3,"3":3,"4":3,"5":2,"6":1,"7":0,"8":2,"9":2,"10":2,"11":1,"12":1},"f":{"0":8,"1":0,"2":3,"3":0,"4":2},"b":{"0":[2,1],"1":[1,0]},"meta":{"lastBranch":2,"lastFunction":5,"lastStatement":13,"seen":{"f:6:16:6:39":0,"s:7:4:41:Infinity":0,"f:11:12:11:13":1,"s:11:19:11:Infinity":1,"f:12:12:12:19":2,"s:13:16:19:Infinity":2,"s:14:26:14:Infinity":3,"s:15:35:15:Infinity":4,"s:16:20:16:Infinity":5,"b:16:34:16:49:16:49:16:74":0,"s:18:20:18:Infinity":6,"f:25:12:25:13":3,"s:26:16:30:Infinity":7,"f:31:12:31:19":4,"s:32:16:38:Infinity":8,"s:33:26:33:Infinity":9,"s:34:20:34:Infinity":10,"s:35:20:35:Infinity":11,"b:35:34:35:49:35:49:35:74":1,"s:37:20:37:Infinity":12}}}
}
